Assuming unrestricted shared filesystem usage.
None
host: javi-MS-7C81
Building DAG of jobs...
Using shell: /usr/bin/bash
Provided cores: 1 (use --cores to define parallelism)
Rules claiming more threads will be scaled down.
Job stats:
job                count
---------------  -------
all                    1
post_processing        1
prepare_data           1
run_pipeline           2
total                  5

Select jobs to execute...
Execute 1 jobs...
[Fri Nov 21 15:20:52 2025]
localrule prepare_data:
    input: data/degs/all_degs.tsv, data/docrs/all_docrs.tsv, reference/annotations/Danio_rerio.gtf, reference/orthologs/zebra_human.tsv, reference/orthologs/zebra_mouse.tsv, reference/genomes/Danio_rerio.fa
    output: results/RPE/peaks_within_degs.tsv, results/RPE/docr_sequences_forward_lin.tsv, results/RPE/docr_sequences_reverse_lin.tsv, results/RPE/positive_genes.tsv, results/RPE/negative_genes.tsv
    jobid: 2
    reason: Missing output files: results/RPE/positive_genes.tsv, results/RPE/peaks_within_degs.tsv, results/RPE/docr_sequences_reverse_lin.tsv, results/RPE/docr_sequences_forward_lin.tsv
    wildcards: celltype=RPE
    resources: tmpdir=/tmp
[Fri Nov 21 15:20:56 2025]
Finished jobid: 2 (Rule: prepare_data)
1 of 5 steps (20%) done
Select jobs to execute...
Execute 1 jobs...
[Fri Nov 21 15:20:56 2025]
localrule run_pipeline:
    input: results/RPE/peaks_within_degs.tsv, results/RPE/docr_sequences_forward_lin.tsv, results/RPE/positive_genes.tsv, reference/orthologs/zebra_mouse.tsv, reference/orthologs/zebra_human.tsv
    output: results/RPE/forward/network_final.tsv, results/RPE/forward/TF_expression.tsv, results/RPE/forward/gene_expression.tsv
    jobid: 1
    reason: Missing output files: results/RPE/forward/gene_expression.tsv, results/RPE/forward/network_final.tsv, results/RPE/forward/TF_expression.tsv; Input files updated by another job: results/RPE/positive_genes.tsv, results/RPE/peaks_within_degs.tsv, results/RPE/docr_sequences_forward_lin.tsv
    wildcards: celltype=RPE, strand=forward
    resources: tmpdir=/tmp
Select jobs to execute...
[Fri Nov 21 15:22:19 2025]
Finished jobid: 1 (Rule: run_pipeline)
2 of 5 steps (40%) done
Execute 1 jobs...
[Fri Nov 21 15:22:19 2025]
localrule run_pipeline:
    input: results/RPE/peaks_within_degs.tsv, results/RPE/docr_sequences_reverse_lin.tsv, results/RPE/positive_genes.tsv, reference/orthologs/zebra_mouse.tsv, reference/orthologs/zebra_human.tsv
    output: results/RPE/reverse/network_final.tsv, results/RPE/reverse/TF_expression.tsv, results/RPE/reverse/gene_expression.tsv
    jobid: 3
    reason: Missing output files: results/RPE/reverse/gene_expression.tsv, results/RPE/reverse/TF_expression.tsv, results/RPE/reverse/network_final.tsv; Input files updated by another job: results/RPE/positive_genes.tsv, results/RPE/peaks_within_degs.tsv, results/RPE/docr_sequences_reverse_lin.tsv
    wildcards: celltype=RPE, strand=reverse
    resources: tmpdir=/tmp
[Fri Nov 21 15:23:44 2025]
Finished jobid: 3 (Rule: run_pipeline)
3 of 5 steps (60%) done
Select jobs to execute...
Execute 1 jobs...
[Fri Nov 21 15:23:44 2025]
localrule post_processing:
    input: results/RPE/forward/network_final.tsv, results/RPE/reverse/network_final.tsv, results/RPE/forward/gene_expression.tsv, results/RPE/reverse/gene_expression.tsv, results/RPE/forward/TF_expression.tsv, results/RPE/reverse/TF_expression.tsv
    output: results/RPE/network_scored.txt, results/RPE/filtered_network.txt
    jobid: 4
    reason: Missing output files: results/RPE/filtered_network.txt, results/RPE/network_scored.txt; Input files updated by another job: results/RPE/reverse/TF_expression.tsv, results/RPE/forward/gene_expression.tsv, results/RPE/forward/TF_expression.tsv, results/RPE/reverse/gene_expression.tsv, results/RPE/forward/network_final.tsv, results/RPE/reverse/network_final.tsv
    wildcards: celltype=RPE
    resources: tmpdir=/tmp
[Fri Nov 21 15:23:44 2025]
Finished jobid: 4 (Rule: post_processing)
4 of 5 steps (80%) done
Select jobs to execute...
Execute 1 jobs...
[Fri Nov 21 15:23:44 2025]
localrule all:
    input: results/RPE/forward/network_final.tsv, results/RPE/reverse/network_final.tsv, results/RPE/forward/TF_expression.tsv, results/RPE/reverse/TF_expression.tsv, results/RPE/network_scored.txt, results/RPE/filtered_network.txt
    jobid: 0
    reason: Input files updated by another job: results/RPE/filtered_network.txt, results/RPE/reverse/TF_expression.tsv, results/RPE/reverse/network_final.tsv, results/RPE/network_scored.txt, results/RPE/forward/TF_expression.tsv, results/RPE/forward/network_final.tsv
    resources: tmpdir=/tmp
[Fri Nov 21 15:23:44 2025]
Finished jobid: 0 (Rule: all)
5 of 5 steps (100%) done
Complete log(s): /data/scMultiome/paper/GRNs_paper/multiome_no_doublets/github_code_zebra_8_10_2025_copy_21_11/.snakemake/log/2025-11-21T152052.872803.snakemake.log
