Assuming unrestricted shared filesystem usage.
None
host: javi-MS-7C81
Building DAG of jobs...
Using shell: /usr/bin/bash
Provided cores: 4
Rules claiming more threads will be scaled down.
Job stats:
job             count
------------  -------
all                 1
prepare_data        1
run_pipeline        2
total               4

Select jobs to execute...
Execute 1 jobs...
[Tue Jul  8 12:37:50 2025]
localrule prepare_data:
    input: data/degs/all_degs.tsv, data/docrs/all_docrs.tsv, reference/annotations/Homo_sapiens.gtf, reference/orthologs/human_human.tsv, reference/orthologs/human_mouse.tsv, reference/genomes/Homo_sapiens.fa
    output: results/Monocyte/peaks_within_degs.tsv, results/Monocyte/docr_sequences_forward_lin.tsv, results/Monocyte/docr_sequences_reverse_lin.tsv, results/Monocyte/positive_genes.tsv, results/Monocyte/negative_genes.tsv
    jobid: 2
    reason: Missing output files: results/Monocyte/docr_sequences_reverse_lin.tsv, results/Monocyte/peaks_within_degs.tsv, results/Monocyte/docr_sequences_forward_lin.tsv, results/Monocyte/positive_genes.tsv
    wildcards: celltype=Monocyte
    resources: tmpdir=/tmp
[Tue Jul  8 12:38:36 2025]
Finished jobid: 2 (Rule: prepare_data)
1 of 4 steps (25%) done
Select jobs to execute...
Execute 2 jobs...
[Tue Jul  8 12:38:36 2025]
localrule run_pipeline:
    input: results/Monocyte/peaks_within_degs.tsv, results/Monocyte/docr_sequences_forward_lin.tsv, results/Monocyte/positive_genes.tsv, reference/orthologs/human_mouse.tsv, reference/orthologs/human_human.tsv
    output: results/Monocyte/forward/network_final.tsv, results/Monocyte/forward/TF_expression.tsv
    jobid: 1
    reason: Missing output files: results/Monocyte/forward/TF_expression.tsv, results/Monocyte/forward/network_final.tsv; Input files updated by another job: results/Monocyte/peaks_within_degs.tsv, results/Monocyte/docr_sequences_forward_lin.tsv, results/Monocyte/positive_genes.tsv
    wildcards: celltype=Monocyte, strand=forward
    resources: tmpdir=/tmp
[Tue Jul  8 12:38:36 2025]
localrule run_pipeline:
    input: results/Monocyte/peaks_within_degs.tsv, results/Monocyte/docr_sequences_reverse_lin.tsv, results/Monocyte/positive_genes.tsv, reference/orthologs/human_mouse.tsv, reference/orthologs/human_human.tsv
    output: results/Monocyte/reverse/network_final.tsv, results/Monocyte/reverse/TF_expression.tsv
    jobid: 3
    reason: Missing output files: results/Monocyte/reverse/network_final.tsv, results/Monocyte/reverse/TF_expression.tsv; Input files updated by another job: results/Monocyte/peaks_within_degs.tsv, results/Monocyte/docr_sequences_reverse_lin.tsv, results/Monocyte/positive_genes.tsv
    wildcards: celltype=Monocyte, strand=reverse
    resources: tmpdir=/tmp
Terminating processes on user request, this might take some time.
RuleException:
CalledProcessError in file "/data/scMultiome/paper/GRNs_paper/multiome_no_doublets/github_code/Snakefile", line 47:
Command 'set -euo pipefail;  
    echo 'Running run_pipeline for Monocyte strand reverse'
    bash run_motif_pipeline.sh reverse Monocyte reference/orthologs/human_mouse.tsv reference/orthologs/human_human.tsv' died with <Signals.SIGINT: 2>.
[Tue Jul  8 12:39:07 2025]
Error in rule run_pipeline:
    message: None
    jobid: 3
    input: results/Monocyte/peaks_within_degs.tsv, results/Monocyte/docr_sequences_reverse_lin.tsv, results/Monocyte/positive_genes.tsv, reference/orthologs/human_mouse.tsv, reference/orthologs/human_human.tsv
    output: results/Monocyte/reverse/network_final.tsv, results/Monocyte/reverse/TF_expression.tsv
    shell:
        
    echo 'Running run_pipeline for Monocyte strand reverse'
    bash run_motif_pipeline.sh reverse Monocyte reference/orthologs/human_mouse.tsv reference/orthologs/human_human.tsv
    
        (command exited with non-zero exit code)
RuleException:
CalledProcessError in file "/data/scMultiome/paper/GRNs_paper/multiome_no_doublets/github_code/Snakefile", line 47:
Command 'set -euo pipefail;  
    echo 'Running run_pipeline for Monocyte strand forward'
    bash run_motif_pipeline.sh forward Monocyte reference/orthologs/human_mouse.tsv reference/orthologs/human_human.tsv' died with <Signals.SIGINT: 2>.
[Tue Jul  8 12:39:07 2025]
Error in rule run_pipeline:
    message: None
    jobid: 1
    input: results/Monocyte/peaks_within_degs.tsv, results/Monocyte/docr_sequences_forward_lin.tsv, results/Monocyte/positive_genes.tsv, reference/orthologs/human_mouse.tsv, reference/orthologs/human_human.tsv
    output: results/Monocyte/forward/network_final.tsv, results/Monocyte/forward/TF_expression.tsv
    shell:
        
    echo 'Running run_pipeline for Monocyte strand forward'
    bash run_motif_pipeline.sh forward Monocyte reference/orthologs/human_mouse.tsv reference/orthologs/human_human.tsv
    
        (command exited with non-zero exit code)
Complete log(s): /data/scMultiome/paper/GRNs_paper/multiome_no_doublets/github_code/.snakemake/log/2025-07-08T123750.563281.snakemake.log
WorkflowError:
At least one job did not complete successfully.
