Assuming unrestricted shared filesystem usage.
None
host: javi-MS-7C81
Building DAG of jobs...
Using shell: /usr/bin/bash
Provided cores: 4
Rules claiming more threads will be scaled down.
Job stats:
job                count
---------------  -------
all                    1
post_processing        2
prepare_data           2
run_pipeline           4
total                  9

Select jobs to execute...
Execute 2 jobs...
[Wed Oct  8 18:37:03 2025]
localrule prepare_data:
    input: data/degs/all_degs_sc.tsv, data/docrs/all_docrs.tsv, reference/annotations/Danio_rerio.gtf, reference/orthologs/zebra_human.tsv, reference/orthologs/zebra_mouse.tsv, reference/genomes/Danio_rerio.fa
    output: results/placode/peaks_within_degs.tsv, results/placode/docr_sequences_forward_lin.tsv, results/placode/docr_sequences_reverse_lin.tsv, results/placode/positive_genes.tsv, results/placode/negative_genes.tsv
    jobid: 4
    reason: Missing output files: results/placode/peaks_within_degs.tsv, results/placode/positive_genes.tsv, results/placode/docr_sequences_forward_lin.tsv, results/placode/docr_sequences_reverse_lin.tsv
    wildcards: celltype=placode
    resources: tmpdir=/tmp
[Wed Oct  8 18:37:03 2025]
localrule prepare_data:
    input: data/degs/all_degs_sc.tsv, data/docrs/all_docrs.tsv, reference/annotations/Danio_rerio.gtf, reference/orthologs/zebra_human.tsv, reference/orthologs/zebra_mouse.tsv, reference/genomes/Danio_rerio.fa
    output: results/stalstalk/peaks_within_degs.tsv, results/stalstalk/docr_sequences_forward_lin.tsv, results/stalstalk/docr_sequences_reverse_lin.tsv, results/stalstalk/positive_genes.tsv, results/stalstalk/negative_genes.tsv
    jobid: 2
    reason: Missing output files: results/stalstalk/docr_sequences_reverse_lin.tsv, results/stalstalk/peaks_within_degs.tsv, results/stalstalk/docr_sequences_forward_lin.tsv, results/stalstalk/positive_genes.tsv
    wildcards: celltype=stalstalk
    resources: tmpdir=/tmp
[Wed Oct  8 18:37:04 2025]
Finished jobid: 2 (Rule: prepare_data)
1 of 9 steps (11%) done
Select jobs to execute...
Execute 2 jobs...
[Wed Oct  8 18:37:04 2025]
localrule run_pipeline:
    input: results/stalstalk/peaks_within_degs.tsv, results/stalstalk/docr_sequences_forward_lin.tsv, results/stalstalk/positive_genes.tsv, reference/orthologs/zebra_mouse.tsv, reference/orthologs/zebra_human.tsv
    output: results/stalstalk/forward/network_final.tsv, results/stalstalk/forward/TF_expression.tsv, results/stalstalk/forward/gene_expression.tsv
    jobid: 1
    reason: Missing output files: results/stalstalk/forward/gene_expression.tsv, results/stalstalk/forward/network_final.tsv, results/stalstalk/forward/TF_expression.tsv; Input files updated by another job: results/stalstalk/peaks_within_degs.tsv, results/stalstalk/docr_sequences_forward_lin.tsv, results/stalstalk/positive_genes.tsv
    wildcards: celltype=stalstalk, strand=forward
    resources: tmpdir=/tmp
[Wed Oct  8 18:37:04 2025]
localrule run_pipeline:
    input: results/stalstalk/peaks_within_degs.tsv, results/stalstalk/docr_sequences_reverse_lin.tsv, results/stalstalk/positive_genes.tsv, reference/orthologs/zebra_mouse.tsv, reference/orthologs/zebra_human.tsv
    output: results/stalstalk/reverse/network_final.tsv, results/stalstalk/reverse/TF_expression.tsv, results/stalstalk/reverse/gene_expression.tsv
    jobid: 5
    reason: Missing output files: results/stalstalk/reverse/gene_expression.tsv, results/stalstalk/reverse/TF_expression.tsv, results/stalstalk/reverse/network_final.tsv; Input files updated by another job: results/stalstalk/docr_sequences_reverse_lin.tsv, results/stalstalk/peaks_within_degs.tsv, results/stalstalk/positive_genes.tsv
    wildcards: celltype=stalstalk, strand=reverse
    resources: tmpdir=/tmp
RuleException:
CalledProcessError in file "/data/scMultiome/paper/GRNs_paper/multiome_no_doublets/github_code_zebra_8_10_2025/Snakefile", line 49:
Command 'set -euo pipefail;  
    echo 'Running run_pipeline for stalstalk strand forward'
    bash run_motif_pipeline.sh forward stalstalk reference/orthologs/zebra_mouse.tsv reference/orthologs/zebra_human.tsv' returned non-zero exit status 1.
[Wed Oct  8 18:37:04 2025]
Error in rule run_pipeline:
    message: None
    jobid: 1
    input: results/stalstalk/peaks_within_degs.tsv, results/stalstalk/docr_sequences_forward_lin.tsv, results/stalstalk/positive_genes.tsv, reference/orthologs/zebra_mouse.tsv, reference/orthologs/zebra_human.tsv
    output: results/stalstalk/forward/network_final.tsv, results/stalstalk/forward/TF_expression.tsv, results/stalstalk/forward/gene_expression.tsv
    shell:
        
    echo 'Running run_pipeline for stalstalk strand forward'
    bash run_motif_pipeline.sh forward stalstalk reference/orthologs/zebra_mouse.tsv reference/orthologs/zebra_human.tsv
    
        (command exited with non-zero exit code)
RuleException:
CalledProcessError in file "/data/scMultiome/paper/GRNs_paper/multiome_no_doublets/github_code_zebra_8_10_2025/Snakefile", line 49:
Command 'set -euo pipefail;  
    echo 'Running run_pipeline for stalstalk strand reverse'
    bash run_motif_pipeline.sh reverse stalstalk reference/orthologs/zebra_mouse.tsv reference/orthologs/zebra_human.tsv' returned non-zero exit status 1.
[Wed Oct  8 18:37:04 2025]
Error in rule run_pipeline:
    message: None
    jobid: 5
    input: results/stalstalk/peaks_within_degs.tsv, results/stalstalk/docr_sequences_reverse_lin.tsv, results/stalstalk/positive_genes.tsv, reference/orthologs/zebra_mouse.tsv, reference/orthologs/zebra_human.tsv
    output: results/stalstalk/reverse/network_final.tsv, results/stalstalk/reverse/TF_expression.tsv, results/stalstalk/reverse/gene_expression.tsv
    shell:
        
    echo 'Running run_pipeline for stalstalk strand reverse'
    bash run_motif_pipeline.sh reverse stalstalk reference/orthologs/zebra_mouse.tsv reference/orthologs/zebra_human.tsv
    
        (command exited with non-zero exit code)
Terminating processes on user request, this might take some time.
RuleException:
CalledProcessError in file "/data/scMultiome/paper/GRNs_paper/multiome_no_doublets/github_code_zebra_8_10_2025/Snakefile", line 32:
Command 'set -euo pipefail;  
    echo 'Running prepare_data for placode'
    bash prepare_data.bash data/degs/all_degs_sc.tsv data/docrs/all_docrs.tsv placode Danio_rerio reference/orthologs/zebra_human.tsv reference/orthologs/zebra_mouse.tsv reference/genomes/Danio_rerio.fa reference/annotations/Danio_rerio.gtf' died with <Signals.SIGINT: 2>.
[Wed Oct  8 18:37:07 2025]
Error in rule prepare_data:
    message: None
    jobid: 4
    input: data/degs/all_degs_sc.tsv, data/docrs/all_docrs.tsv, reference/annotations/Danio_rerio.gtf, reference/orthologs/zebra_human.tsv, reference/orthologs/zebra_mouse.tsv, reference/genomes/Danio_rerio.fa
    output: results/placode/peaks_within_degs.tsv, results/placode/docr_sequences_forward_lin.tsv, results/placode/docr_sequences_reverse_lin.tsv, results/placode/positive_genes.tsv, results/placode/negative_genes.tsv
    shell:
        
    echo 'Running prepare_data for placode'
    bash prepare_data.bash data/degs/all_degs_sc.tsv data/docrs/all_docrs.tsv placode Danio_rerio reference/orthologs/zebra_human.tsv reference/orthologs/zebra_mouse.tsv reference/genomes/Danio_rerio.fa reference/annotations/Danio_rerio.gtf
    
        (command exited with non-zero exit code)
Complete log(s): /data/scMultiome/paper/GRNs_paper/multiome_no_doublets/github_code_zebra_8_10_2025/.snakemake/log/2025-10-08T183703.633977.snakemake.log
WorkflowError:
At least one job did not complete successfully.
