Assuming unrestricted shared filesystem usage.
None
host: javi-MS-7C81
Building DAG of jobs...
Using shell: /usr/bin/bash
Provided cores: 4
Rules claiming more threads will be scaled down.
Job stats:
job                count
---------------  -------
all                    1
post_processing        5
prepare_data           5
run_pipeline          10
total                 21

Select jobs to execute...
Execute 4 jobs...
[Fri Nov 21 16:31:09 2025]
localrule prepare_data:
    input: data/degs/all_degs.tsv, data/docrs/all_docrs.tsv, reference/annotations/Danio_rerio.gtf, reference/orthologs/zebra_human.tsv, reference/orthologs/zebra_mouse.tsv, reference/genomes/Danio_rerio.fa
    output: results/diencephalon/peaks_within_degs.tsv, results/diencephalon/docr_sequences_forward_lin.tsv, results/diencephalon/docr_sequences_reverse_lin.tsv, results/diencephalon/positive_genes.tsv, results/diencephalon/negative_genes.tsv
    jobid: 8
    reason: Missing output files: results/diencephalon/positive_genes.tsv, results/diencephalon/docr_sequences_reverse_lin.tsv, results/diencephalon/peaks_within_degs.tsv, results/diencephalon/docr_sequences_forward_lin.tsv
    wildcards: celltype=diencephalon
    resources: tmpdir=/tmp
[Fri Nov 21 16:31:09 2025]
localrule prepare_data:
    input: data/degs/all_degs.tsv, data/docrs/all_docrs.tsv, reference/annotations/Danio_rerio.gtf, reference/orthologs/zebra_human.tsv, reference/orthologs/zebra_mouse.tsv, reference/genomes/Danio_rerio.fa
    output: results/stalk/peaks_within_degs.tsv, results/stalk/docr_sequences_forward_lin.tsv, results/stalk/docr_sequences_reverse_lin.tsv, results/stalk/positive_genes.tsv, results/stalk/negative_genes.tsv
    jobid: 4
    reason: Missing output files: results/stalk/positive_genes.tsv, results/stalk/peaks_within_degs.tsv, results/stalk/docr_sequences_forward_lin.tsv, results/stalk/docr_sequences_reverse_lin.tsv
    wildcards: celltype=stalk
    resources: tmpdir=/tmp
[Fri Nov 21 16:31:09 2025]
localrule prepare_data:
    input: data/degs/all_degs.tsv, data/docrs/all_docrs.tsv, reference/annotations/Danio_rerio.gtf, reference/orthologs/zebra_human.tsv, reference/orthologs/zebra_mouse.tsv, reference/genomes/Danio_rerio.fa
    output: results/telencephalon/peaks_within_degs.tsv, results/telencephalon/docr_sequences_forward_lin.tsv, results/telencephalon/docr_sequences_reverse_lin.tsv, results/telencephalon/positive_genes.tsv, results/telencephalon/negative_genes.tsv
    jobid: 10
    reason: Missing output files: results/telencephalon/docr_sequences_forward_lin.tsv, results/telencephalon/peaks_within_degs.tsv, results/telencephalon/docr_sequences_reverse_lin.tsv, results/telencephalon/positive_genes.tsv
    wildcards: celltype=telencephalon
    resources: tmpdir=/tmp
[Fri Nov 21 16:31:09 2025]
localrule prepare_data:
    input: data/degs/all_degs.tsv, data/docrs/all_docrs.tsv, reference/annotations/Danio_rerio.gtf, reference/orthologs/zebra_human.tsv, reference/orthologs/zebra_mouse.tsv, reference/genomes/Danio_rerio.fa
    output: results/placode/peaks_within_degs.tsv, results/placode/docr_sequences_forward_lin.tsv, results/placode/docr_sequences_reverse_lin.tsv, results/placode/positive_genes.tsv, results/placode/negative_genes.tsv
    jobid: 6
    reason: Missing output files: results/placode/docr_sequences_forward_lin.tsv, results/placode/docr_sequences_reverse_lin.tsv, results/placode/peaks_within_degs.tsv, results/placode/positive_genes.tsv
    wildcards: celltype=placode
    resources: tmpdir=/tmp
Select jobs to execute...
[Fri Nov 21 16:31:11 2025]
Finished jobid: 8 (Rule: prepare_data)
1 of 21 steps (5%) done
Execute 1 jobs...
[Fri Nov 21 16:31:11 2025]
localrule prepare_data:
    input: data/degs/all_degs.tsv, data/docrs/all_docrs.tsv, reference/annotations/Danio_rerio.gtf, reference/orthologs/zebra_human.tsv, reference/orthologs/zebra_mouse.tsv, reference/genomes/Danio_rerio.fa
    output: results/RPE/peaks_within_degs.tsv, results/RPE/docr_sequences_forward_lin.tsv, results/RPE/docr_sequences_reverse_lin.tsv, results/RPE/positive_genes.tsv, results/RPE/negative_genes.tsv
    jobid: 2
    reason: Missing output files: results/RPE/positive_genes.tsv, results/RPE/peaks_within_degs.tsv, results/RPE/docr_sequences_forward_lin.tsv, results/RPE/docr_sequences_reverse_lin.tsv
    wildcards: celltype=RPE
    resources: tmpdir=/tmp
[Fri Nov 21 16:31:11 2025]
Finished jobid: 4 (Rule: prepare_data)
2 of 21 steps (10%) done
Select jobs to execute...
Execute 1 jobs...
[Fri Nov 21 16:31:11 2025]
localrule run_pipeline:
    input: results/stalk/peaks_within_degs.tsv, results/stalk/docr_sequences_reverse_lin.tsv, results/stalk/positive_genes.tsv, reference/orthologs/zebra_mouse.tsv, reference/orthologs/zebra_human.tsv
    output: results/stalk/reverse/network_final.tsv, results/stalk/reverse/TF_expression.tsv, results/stalk/reverse/gene_expression.tsv
    jobid: 12
    reason: Missing output files: results/stalk/reverse/gene_expression.tsv, results/stalk/reverse/network_final.tsv, results/stalk/reverse/TF_expression.tsv; Input files updated by another job: results/stalk/docr_sequences_reverse_lin.tsv, results/stalk/peaks_within_degs.tsv, results/stalk/positive_genes.tsv
    wildcards: celltype=stalk, strand=reverse
    resources: tmpdir=/tmp
Select jobs to execute...
[Fri Nov 21 16:31:12 2025]
Finished jobid: 10 (Rule: prepare_data)
3 of 21 steps (14%) done
Execute 1 jobs...
[Fri Nov 21 16:31:12 2025]
localrule run_pipeline:
    input: results/diencephalon/peaks_within_degs.tsv, results/diencephalon/docr_sequences_forward_lin.tsv, results/diencephalon/positive_genes.tsv, reference/orthologs/zebra_mouse.tsv, reference/orthologs/zebra_human.tsv
    output: results/diencephalon/forward/network_final.tsv, results/diencephalon/forward/TF_expression.tsv, results/diencephalon/forward/gene_expression.tsv
    jobid: 7
    reason: Missing output files: results/diencephalon/forward/network_final.tsv, results/diencephalon/forward/TF_expression.tsv, results/diencephalon/forward/gene_expression.tsv; Input files updated by another job: results/diencephalon/positive_genes.tsv, results/diencephalon/peaks_within_degs.tsv, results/diencephalon/docr_sequences_forward_lin.tsv
    wildcards: celltype=diencephalon, strand=forward
    resources: tmpdir=/tmp
Select jobs to execute...
[Fri Nov 21 16:31:13 2025]
Finished jobid: 6 (Rule: prepare_data)
4 of 21 steps (19%) done
Execute 1 jobs...
[Fri Nov 21 16:31:13 2025]
localrule run_pipeline:
    input: results/telencephalon/peaks_within_degs.tsv, results/telencephalon/docr_sequences_forward_lin.tsv, results/telencephalon/positive_genes.tsv, reference/orthologs/zebra_mouse.tsv, reference/orthologs/zebra_human.tsv
    output: results/telencephalon/forward/network_final.tsv, results/telencephalon/forward/TF_expression.tsv, results/telencephalon/forward/gene_expression.tsv
    jobid: 9
    reason: Missing output files: results/telencephalon/forward/network_final.tsv, results/telencephalon/forward/TF_expression.tsv, results/telencephalon/forward/gene_expression.tsv; Input files updated by another job: results/telencephalon/positive_genes.tsv, results/telencephalon/peaks_within_degs.tsv, results/telencephalon/docr_sequences_forward_lin.tsv
    wildcards: celltype=telencephalon, strand=forward
    resources: tmpdir=/tmp
Select jobs to execute...
[Fri Nov 21 16:31:15 2025]
Finished jobid: 2 (Rule: prepare_data)
5 of 21 steps (24%) done
Execute 1 jobs...
[Fri Nov 21 16:31:15 2025]
localrule run_pipeline:
    input: results/RPE/peaks_within_degs.tsv, results/RPE/docr_sequences_reverse_lin.tsv, results/RPE/positive_genes.tsv, reference/orthologs/zebra_mouse.tsv, reference/orthologs/zebra_human.tsv
    output: results/RPE/reverse/network_final.tsv, results/RPE/reverse/TF_expression.tsv, results/RPE/reverse/gene_expression.tsv
    jobid: 11
    reason: Missing output files: results/RPE/reverse/TF_expression.tsv, results/RPE/reverse/network_final.tsv, results/RPE/reverse/gene_expression.tsv; Input files updated by another job: results/RPE/positive_genes.tsv, results/RPE/peaks_within_degs.tsv, results/RPE/docr_sequences_reverse_lin.tsv
    wildcards: celltype=RPE, strand=reverse
    resources: tmpdir=/tmp
Select jobs to execute...
[Fri Nov 21 16:31:48 2025]
Finished jobid: 7 (Rule: run_pipeline)
6 of 21 steps (29%) done
Execute 1 jobs...
[Fri Nov 21 16:31:48 2025]
localrule run_pipeline:
    input: results/diencephalon/peaks_within_degs.tsv, results/diencephalon/docr_sequences_reverse_lin.tsv, results/diencephalon/positive_genes.tsv, reference/orthologs/zebra_mouse.tsv, reference/orthologs/zebra_human.tsv
    output: results/diencephalon/reverse/network_final.tsv, results/diencephalon/reverse/TF_expression.tsv, results/diencephalon/reverse/gene_expression.tsv
    jobid: 14
    reason: Missing output files: results/diencephalon/reverse/TF_expression.tsv, results/diencephalon/reverse/gene_expression.tsv, results/diencephalon/reverse/network_final.tsv; Input files updated by another job: results/diencephalon/positive_genes.tsv, results/diencephalon/docr_sequences_reverse_lin.tsv, results/diencephalon/peaks_within_degs.tsv
    wildcards: celltype=diencephalon, strand=reverse
    resources: tmpdir=/tmp
Select jobs to execute...
[Fri Nov 21 16:32:22 2025]
Finished jobid: 12 (Rule: run_pipeline)
7 of 21 steps (33%) done
Execute 1 jobs...
[Fri Nov 21 16:32:22 2025]
localrule run_pipeline:
    input: results/RPE/peaks_within_degs.tsv, results/RPE/docr_sequences_forward_lin.tsv, results/RPE/positive_genes.tsv, reference/orthologs/zebra_mouse.tsv, reference/orthologs/zebra_human.tsv
    output: results/RPE/forward/network_final.tsv, results/RPE/forward/TF_expression.tsv, results/RPE/forward/gene_expression.tsv
    jobid: 1
    reason: Missing output files: results/RPE/forward/network_final.tsv, results/RPE/forward/gene_expression.tsv, results/RPE/forward/TF_expression.tsv; Input files updated by another job: results/RPE/positive_genes.tsv, results/RPE/peaks_within_degs.tsv, results/RPE/docr_sequences_forward_lin.tsv
    wildcards: celltype=RPE, strand=forward
    resources: tmpdir=/tmp
Select jobs to execute...
RuleException:
CalledProcessError in file "/data/scMultiome/paper/GRNs_paper/multiome_no_doublets/github_code_zebra_8_10_2025_copy_21_11/Snakefile", line 49:
Command 'set -euo pipefail;  
    echo 'Running run_pipeline for diencephalon strand reverse'
    bash run_motif_pipeline.sh reverse diencephalon reference/orthologs/zebra_mouse.tsv reference/orthologs/zebra_human.tsv' returned non-zero exit status 1.
[Fri Nov 21 16:32:27 2025]
Error in rule run_pipeline:
    message: None
    jobid: 14
    input: results/diencephalon/peaks_within_degs.tsv, results/diencephalon/docr_sequences_reverse_lin.tsv, results/diencephalon/positive_genes.tsv, reference/orthologs/zebra_mouse.tsv, reference/orthologs/zebra_human.tsv
    output: results/diencephalon/reverse/network_final.tsv, results/diencephalon/reverse/TF_expression.tsv, results/diencephalon/reverse/gene_expression.tsv
    shell:
        
    echo 'Running run_pipeline for diencephalon strand reverse'
    bash run_motif_pipeline.sh reverse diencephalon reference/orthologs/zebra_mouse.tsv reference/orthologs/zebra_human.tsv
    
        (command exited with non-zero exit code)
[Fri Nov 21 16:32:47 2025]
Finished jobid: 11 (Rule: run_pipeline)
8 of 21 steps (38%) done
[Fri Nov 21 16:33:10 2025]
Finished jobid: 9 (Rule: run_pipeline)
9 of 21 steps (43%) done
[Fri Nov 21 16:33:20 2025]
Finished jobid: 1 (Rule: run_pipeline)
10 of 21 steps (48%) done
Shutting down, this might take some time.
Exiting because a job execution failed. Look below for error messages
[Fri Nov 21 16:33:20 2025]
Error in rule run_pipeline:
    message: None
    jobid: 14
    input: results/diencephalon/peaks_within_degs.tsv, results/diencephalon/docr_sequences_reverse_lin.tsv, results/diencephalon/positive_genes.tsv, reference/orthologs/zebra_mouse.tsv, reference/orthologs/zebra_human.tsv
    output: results/diencephalon/reverse/network_final.tsv, results/diencephalon/reverse/TF_expression.tsv, results/diencephalon/reverse/gene_expression.tsv
    shell:
        
    echo 'Running run_pipeline for diencephalon strand reverse'
    bash run_motif_pipeline.sh reverse diencephalon reference/orthologs/zebra_mouse.tsv reference/orthologs/zebra_human.tsv
    
        (command exited with non-zero exit code)
Complete log(s): /data/scMultiome/paper/GRNs_paper/multiome_no_doublets/github_code_zebra_8_10_2025_copy_21_11/.snakemake/log/2025-11-21T163109.917975.snakemake.log
WorkflowError:
At least one job did not complete successfully.
