Assuming unrestricted shared filesystem usage.
None
host: javi-MS-7C81
Building DAG of jobs...
Using shell: /usr/bin/bash
Provided cores: 4
Rules claiming more threads will be scaled down.
Job stats:
job                count
---------------  -------
all                    1
post_processing        1
run_pipeline           2
total                  4

Select jobs to execute...
Execute 2 jobs...
[Wed Oct  8 17:42:09 2025]
localrule run_pipeline:
    input: results/optic/peaks_within_degs.tsv, results/optic/docr_sequences_forward_lin.tsv, results/optic/positive_genes.tsv, reference/orthologs/zebra_mouse.tsv, reference/orthologs/zebra_human.tsv
    output: results/optic/forward/network_final.tsv, results/optic/forward/TF_expression.tsv, results/optic/forward/gene_expression.tsv
    jobid: 1
    reason: Missing output files: results/optic/forward/TF_expression.tsv, results/optic/forward/network_final.tsv, results/optic/forward/gene_expression.tsv
    wildcards: celltype=optic, strand=forward
    resources: tmpdir=/tmp
[Wed Oct  8 17:42:09 2025]
localrule run_pipeline:
    input: results/optic/peaks_within_degs.tsv, results/optic/docr_sequences_reverse_lin.tsv, results/optic/positive_genes.tsv, reference/orthologs/zebra_mouse.tsv, reference/orthologs/zebra_human.tsv
    output: results/optic/reverse/network_final.tsv, results/optic/reverse/TF_expression.tsv, results/optic/reverse/gene_expression.tsv
    jobid: 3
    reason: Missing output files: results/optic/reverse/TF_expression.tsv, results/optic/reverse/gene_expression.tsv, results/optic/reverse/network_final.tsv
    wildcards: celltype=optic, strand=reverse
    resources: tmpdir=/tmp
RuleException:
CalledProcessError in file "/data/scMultiome/paper/GRNs_paper/multiome_no_doublets/github_code_zebra_8_10_2025/Snakefile", line 49:
Command 'set -euo pipefail;  
    echo 'Running run_pipeline for optic strand reverse'
    bash run_motif_pipeline.sh reverse optic reference/orthologs/zebra_mouse.tsv reference/orthologs/zebra_human.tsv' returned non-zero exit status 1.
[Wed Oct  8 17:42:09 2025]
Error in rule run_pipeline:
    message: None
    jobid: 3
    input: results/optic/peaks_within_degs.tsv, results/optic/docr_sequences_reverse_lin.tsv, results/optic/positive_genes.tsv, reference/orthologs/zebra_mouse.tsv, reference/orthologs/zebra_human.tsv
    output: results/optic/reverse/network_final.tsv, results/optic/reverse/TF_expression.tsv, results/optic/reverse/gene_expression.tsv
    shell:
        
    echo 'Running run_pipeline for optic strand reverse'
    bash run_motif_pipeline.sh reverse optic reference/orthologs/zebra_mouse.tsv reference/orthologs/zebra_human.tsv
    
        (command exited with non-zero exit code)
RuleException:
CalledProcessError in file "/data/scMultiome/paper/GRNs_paper/multiome_no_doublets/github_code_zebra_8_10_2025/Snakefile", line 49:
Command 'set -euo pipefail;  
    echo 'Running run_pipeline for optic strand forward'
    bash run_motif_pipeline.sh forward optic reference/orthologs/zebra_mouse.tsv reference/orthologs/zebra_human.tsv' returned non-zero exit status 1.
[Wed Oct  8 17:42:09 2025]
Error in rule run_pipeline:
    message: None
    jobid: 1
    input: results/optic/peaks_within_degs.tsv, results/optic/docr_sequences_forward_lin.tsv, results/optic/positive_genes.tsv, reference/orthologs/zebra_mouse.tsv, reference/orthologs/zebra_human.tsv
    output: results/optic/forward/network_final.tsv, results/optic/forward/TF_expression.tsv, results/optic/forward/gene_expression.tsv
    shell:
        
    echo 'Running run_pipeline for optic strand forward'
    bash run_motif_pipeline.sh forward optic reference/orthologs/zebra_mouse.tsv reference/orthologs/zebra_human.tsv
    
        (command exited with non-zero exit code)
Shutting down, this might take some time.
Exiting because a job execution failed. Look below for error messages
[Wed Oct  8 17:42:09 2025]
Error in rule run_pipeline:
    message: None
    jobid: 1
    input: results/optic/peaks_within_degs.tsv, results/optic/docr_sequences_forward_lin.tsv, results/optic/positive_genes.tsv, reference/orthologs/zebra_mouse.tsv, reference/orthologs/zebra_human.tsv
    output: results/optic/forward/network_final.tsv, results/optic/forward/TF_expression.tsv, results/optic/forward/gene_expression.tsv
    shell:
        
    echo 'Running run_pipeline for optic strand forward'
    bash run_motif_pipeline.sh forward optic reference/orthologs/zebra_mouse.tsv reference/orthologs/zebra_human.tsv
    
        (command exited with non-zero exit code)
[Wed Oct  8 17:42:09 2025]
Error in rule run_pipeline:
    message: None
    jobid: 3
    input: results/optic/peaks_within_degs.tsv, results/optic/docr_sequences_reverse_lin.tsv, results/optic/positive_genes.tsv, reference/orthologs/zebra_mouse.tsv, reference/orthologs/zebra_human.tsv
    output: results/optic/reverse/network_final.tsv, results/optic/reverse/TF_expression.tsv, results/optic/reverse/gene_expression.tsv
    shell:
        
    echo 'Running run_pipeline for optic strand reverse'
    bash run_motif_pipeline.sh reverse optic reference/orthologs/zebra_mouse.tsv reference/orthologs/zebra_human.tsv
    
        (command exited with non-zero exit code)
Complete log(s): /data/scMultiome/paper/GRNs_paper/multiome_no_doublets/github_code_zebra_8_10_2025/.snakemake/log/2025-10-08T174209.045444.snakemake.log
WorkflowError:
At least one job did not complete successfully.
