Assuming unrestricted shared filesystem usage.
None
host: javi-MS-7C81
Building DAG of jobs...
Using shell: /usr/bin/bash
Provided cores: 1 (use --cores to define parallelism)
Rules claiming more threads will be scaled down.
Job stats:
job                count
---------------  -------
all                    1
post_processing        1
prepare_data           1
run_pipeline           2
total                  5

Select jobs to execute...
Execute 1 jobs...
[Thu Nov 20 18:41:05 2025]
localrule prepare_data:
    input: data/degs/all_degs.tsv, data/docrs/all_docrs.tsv, reference/annotations/Danio_rerio.gtf, reference/orthologs/zebra_human.tsv, reference/orthologs/zebra_mouse.tsv, reference/genomes/Danio_rerio.fa
    output: results/retina/peaks_within_degs.tsv, results/retina/docr_sequences_forward_lin.tsv, results/retina/docr_sequences_reverse_lin.tsv, results/retina/positive_genes.tsv, results/retina/negative_genes.tsv
    jobid: 2
    reason: Missing output files: results/retina/docr_sequences_forward_lin.tsv, results/retina/positive_genes.tsv, results/retina/docr_sequences_reverse_lin.tsv, results/retina/peaks_within_degs.tsv
    wildcards: celltype=retina
    resources: tmpdir=/tmp
[Thu Nov 20 18:41:29 2025]
Finished jobid: 2 (Rule: prepare_data)
1 of 5 steps (20%) done
Select jobs to execute...
Execute 1 jobs...
[Thu Nov 20 18:41:29 2025]
localrule run_pipeline:
    input: results/retina/peaks_within_degs.tsv, results/retina/docr_sequences_forward_lin.tsv, results/retina/positive_genes.tsv, reference/orthologs/zebra_mouse.tsv, reference/orthologs/zebra_human.tsv
    output: results/retina/forward/network_final.tsv, results/retina/forward/TF_expression.tsv, results/retina/forward/gene_expression.tsv
    jobid: 1
    reason: Missing output files: results/retina/forward/gene_expression.tsv, results/retina/forward/TF_expression.tsv, results/retina/forward/network_final.tsv; Input files updated by another job: results/retina/docr_sequences_forward_lin.tsv, results/retina/positive_genes.tsv, results/retina/peaks_within_degs.tsv
    wildcards: celltype=retina, strand=forward
    resources: tmpdir=/tmp
Select jobs to execute...
[Thu Nov 20 18:43:06 2025]
Finished jobid: 1 (Rule: run_pipeline)
2 of 5 steps (40%) done
Execute 1 jobs...
[Thu Nov 20 18:43:06 2025]
localrule run_pipeline:
    input: results/retina/peaks_within_degs.tsv, results/retina/docr_sequences_reverse_lin.tsv, results/retina/positive_genes.tsv, reference/orthologs/zebra_mouse.tsv, reference/orthologs/zebra_human.tsv
    output: results/retina/reverse/network_final.tsv, results/retina/reverse/TF_expression.tsv, results/retina/reverse/gene_expression.tsv
    jobid: 3
    reason: Missing output files: results/retina/reverse/network_final.tsv, results/retina/reverse/TF_expression.tsv, results/retina/reverse/gene_expression.tsv; Input files updated by another job: results/retina/docr_sequences_reverse_lin.tsv, results/retina/positive_genes.tsv, results/retina/peaks_within_degs.tsv
    wildcards: celltype=retina, strand=reverse
    resources: tmpdir=/tmp
[Thu Nov 20 18:44:44 2025]
Finished jobid: 3 (Rule: run_pipeline)
3 of 5 steps (60%) done
Select jobs to execute...
Execute 1 jobs...
[Thu Nov 20 18:44:44 2025]
localrule post_processing:
    input: results/retina/forward/network_final.tsv, results/retina/reverse/network_final.tsv, results/retina/forward/gene_expression.tsv, results/retina/reverse/gene_expression.tsv, results/retina/forward/TF_expression.tsv, results/retina/reverse/TF_expression.tsv
    output: results/retina/network_scored.txt, results/retina/filtered_network.txt
    jobid: 4
    reason: Missing output files: results/retina/network_scored.txt, results/retina/filtered_network.txt; Input files updated by another job: results/retina/reverse/network_final.tsv, results/retina/forward/TF_expression.tsv, results/retina/forward/network_final.tsv, results/retina/reverse/gene_expression.tsv, results/retina/reverse/TF_expression.tsv, results/retina/forward/gene_expression.tsv
    wildcards: celltype=retina
    resources: tmpdir=/tmp
[Thu Nov 20 18:44:44 2025]
Finished jobid: 4 (Rule: post_processing)
4 of 5 steps (80%) done
Select jobs to execute...
Execute 1 jobs...
[Thu Nov 20 18:44:44 2025]
localrule all:
    input: results/retina/forward/network_final.tsv, results/retina/reverse/network_final.tsv, results/retina/forward/TF_expression.tsv, results/retina/reverse/TF_expression.tsv, results/retina/network_scored.txt, results/retina/filtered_network.txt
    jobid: 0
    reason: Input files updated by another job: results/retina/network_scored.txt, results/retina/reverse/network_final.tsv, results/retina/reverse/TF_expression.tsv, results/retina/forward/TF_expression.tsv, results/retina/forward/network_final.tsv, results/retina/filtered_network.txt
    resources: tmpdir=/tmp
[Thu Nov 20 18:44:44 2025]
Finished jobid: 0 (Rule: all)
5 of 5 steps (100%) done
Complete log(s): /data/scMultiome/paper/GRNs_paper/multiome_no_doublets/github_code_zebra_8_10_2025/.snakemake/log/2025-11-20T184105.270189.snakemake.log
