Assuming unrestricted shared filesystem usage.
None
host: javi-MS-7C81
Building DAG of jobs...
Using shell: /usr/bin/bash
Provided cores: 1 (use --cores to define parallelism)
Rules claiming more threads will be scaled down.
Job stats:
job             count
------------  -------
all                 1
run_pipeline        2
total               3

Select jobs to execute...
Execute 1 jobs...
[Wed Jul  2 15:13:09 2025]
localrule run_pipeline:
    input: results/Monocyte/peaks_within_degs.tsv, results/Monocyte/docr_sequences_forward_lin.tsv, results/Monocyte/positive_genes.tsv
    output: results/Monocyte/forward/network_final.tsv, results/Monocyte/forward/TF_expression.tsv
    jobid: 1
    reason: Missing output files: results/Monocyte/forward/TF_expression.tsv, results/Monocyte/forward/network_final.tsv
    wildcards: celltype=Monocyte, strand=forward
    resources: tmpdir=/tmp
RuleException:
CalledProcessError in file "/data/scMultiome/paper/GRNs_paper/multiome_no_doublets/github_code/Snakefile", line 45:
Command 'set -euo pipefail;  
    echo 'Running run_pipeline for Monocyte strand forward'
    bash run_motif_pipeline.sh forward Monocyte' returned non-zero exit status 2.
[Wed Jul  2 15:13:09 2025]
Error in rule run_pipeline:
    message: None
    jobid: 1
    input: results/Monocyte/peaks_within_degs.tsv, results/Monocyte/docr_sequences_forward_lin.tsv, results/Monocyte/positive_genes.tsv
    output: results/Monocyte/forward/network_final.tsv, results/Monocyte/forward/TF_expression.tsv
    shell:
        
    echo 'Running run_pipeline for Monocyte strand forward'
    bash run_motif_pipeline.sh forward Monocyte
    
        (command exited with non-zero exit code)
Shutting down, this might take some time.
Exiting because a job execution failed. Look below for error messages
[Wed Jul  2 15:13:09 2025]
Error in rule run_pipeline:
    message: None
    jobid: 1
    input: results/Monocyte/peaks_within_degs.tsv, results/Monocyte/docr_sequences_forward_lin.tsv, results/Monocyte/positive_genes.tsv
    output: results/Monocyte/forward/network_final.tsv, results/Monocyte/forward/TF_expression.tsv
    shell:
        
    echo 'Running run_pipeline for Monocyte strand forward'
    bash run_motif_pipeline.sh forward Monocyte
    
        (command exited with non-zero exit code)
Complete log(s): /data/scMultiome/paper/GRNs_paper/multiome_no_doublets/github_code/.snakemake/log/2025-07-02T151308.996086.snakemake.log
WorkflowError:
At least one job did not complete successfully.
