Assuming unrestricted shared filesystem usage.
None
host: javi-MS-7C81
Building DAG of jobs...
Using shell: /usr/bin/bash
Provided cores: 4
Rules claiming more threads will be scaled down.
Job stats:
job                count
---------------  -------
all                    1
post_processing        4
prepare_data           4
run_pipeline           8
total                 17

Select jobs to execute...
Execute 4 jobs...
[Fri Nov 21 18:00:00 2025]
localrule prepare_data:
    input: data/degs/all_degs.tsv, data/docrs/all_docrs.tsv, reference/annotations/Danio_rerio.gtf, reference/orthologs/zebra_human.tsv, reference/orthologs/zebra_mouse.tsv, reference/genomes/Danio_rerio.fa
    output: results/stalk/peaks_within_degs.tsv, results/stalk/docr_sequences_forward_lin.tsv, results/stalk/docr_sequences_reverse_lin.tsv, results/stalk/positive_genes.tsv, results/stalk/negative_genes.tsv
    jobid: 2
    reason: Missing output files: results/stalk/peaks_within_degs.tsv, results/stalk/docr_sequences_forward_lin.tsv, results/stalk/docr_sequences_reverse_lin.tsv, results/stalk/positive_genes.tsv
    wildcards: celltype=stalk
    resources: tmpdir=/tmp
[Fri Nov 21 18:00:00 2025]
localrule prepare_data:
    input: data/degs/all_degs.tsv, data/docrs/all_docrs.tsv, reference/annotations/Danio_rerio.gtf, reference/orthologs/zebra_human.tsv, reference/orthologs/zebra_mouse.tsv, reference/genomes/Danio_rerio.fa
    output: results/diencephalon/peaks_within_degs.tsv, results/diencephalon/docr_sequences_forward_lin.tsv, results/diencephalon/docr_sequences_reverse_lin.tsv, results/diencephalon/positive_genes.tsv, results/diencephalon/negative_genes.tsv
    jobid: 6
    reason: Missing output files: results/diencephalon/docr_sequences_forward_lin.tsv, results/diencephalon/positive_genes.tsv, results/diencephalon/docr_sequences_reverse_lin.tsv, results/diencephalon/peaks_within_degs.tsv
    wildcards: celltype=diencephalon
    resources: tmpdir=/tmp
[Fri Nov 21 18:00:00 2025]
localrule prepare_data:
    input: data/degs/all_degs.tsv, data/docrs/all_docrs.tsv, reference/annotations/Danio_rerio.gtf, reference/orthologs/zebra_human.tsv, reference/orthologs/zebra_mouse.tsv, reference/genomes/Danio_rerio.fa
    output: results/telencephalon/peaks_within_degs.tsv, results/telencephalon/docr_sequences_forward_lin.tsv, results/telencephalon/docr_sequences_reverse_lin.tsv, results/telencephalon/positive_genes.tsv, results/telencephalon/negative_genes.tsv
    jobid: 8
    reason: Missing output files: results/telencephalon/peaks_within_degs.tsv, results/telencephalon/docr_sequences_reverse_lin.tsv, results/telencephalon/docr_sequences_forward_lin.tsv, results/telencephalon/positive_genes.tsv
    wildcards: celltype=telencephalon
    resources: tmpdir=/tmp
[Fri Nov 21 18:00:00 2025]
localrule prepare_data:
    input: data/degs/all_degs.tsv, data/docrs/all_docrs.tsv, reference/annotations/Danio_rerio.gtf, reference/orthologs/zebra_human.tsv, reference/orthologs/zebra_mouse.tsv, reference/genomes/Danio_rerio.fa
    output: results/placode/peaks_within_degs.tsv, results/placode/docr_sequences_forward_lin.tsv, results/placode/docr_sequences_reverse_lin.tsv, results/placode/positive_genes.tsv, results/placode/negative_genes.tsv
    jobid: 4
    reason: Missing output files: results/placode/positive_genes.tsv, results/placode/docr_sequences_reverse_lin.tsv, results/placode/peaks_within_degs.tsv, results/placode/docr_sequences_forward_lin.tsv
    wildcards: celltype=placode
    resources: tmpdir=/tmp
[Fri Nov 21 18:00:02 2025]
Finished jobid: 2 (Rule: prepare_data)
1 of 17 steps (6%) done
Select jobs to execute...
Execute 1 jobs...
[Fri Nov 21 18:00:02 2025]
localrule run_pipeline:
    input: results/stalk/peaks_within_degs.tsv, results/stalk/docr_sequences_forward_lin.tsv, results/stalk/positive_genes.tsv, reference/orthologs/zebra_mouse.tsv, reference/orthologs/zebra_human.tsv
    output: results/stalk/forward/network_final.tsv, results/stalk/forward/TF_expression.tsv, results/stalk/forward/gene_expression.tsv
    jobid: 1
    reason: Missing output files: results/stalk/forward/TF_expression.tsv, results/stalk/forward/gene_expression.tsv, results/stalk/forward/network_final.tsv; Input files updated by another job: results/stalk/peaks_within_degs.tsv, results/stalk/docr_sequences_forward_lin.tsv, results/stalk/positive_genes.tsv
    wildcards: celltype=stalk, strand=forward
    resources: tmpdir=/tmp
[Fri Nov 21 18:00:03 2025]
Finished jobid: 6 (Rule: prepare_data)
2 of 17 steps (12%) done
Select jobs to execute...
Execute 1 jobs...
[Fri Nov 21 18:00:03 2025]
localrule run_pipeline:
    input: results/diencephalon/peaks_within_degs.tsv, results/diencephalon/docr_sequences_reverse_lin.tsv, results/diencephalon/positive_genes.tsv, reference/orthologs/zebra_mouse.tsv, reference/orthologs/zebra_human.tsv
    output: results/diencephalon/reverse/network_final.tsv, results/diencephalon/reverse/TF_expression.tsv, results/diencephalon/reverse/gene_expression.tsv
    jobid: 11
    reason: Missing output files: results/diencephalon/reverse/network_final.tsv, results/diencephalon/reverse/gene_expression.tsv, results/diencephalon/reverse/TF_expression.tsv; Input files updated by another job: results/diencephalon/docr_sequences_reverse_lin.tsv, results/diencephalon/positive_genes.tsv, results/diencephalon/peaks_within_degs.tsv
    wildcards: celltype=diencephalon, strand=reverse
    resources: tmpdir=/tmp
Select jobs to execute...
[Fri Nov 21 18:00:05 2025]
Finished jobid: 4 (Rule: prepare_data)
3 of 17 steps (18%) done
Execute 1 jobs...
[Fri Nov 21 18:00:05 2025]
localrule run_pipeline:
    input: results/diencephalon/peaks_within_degs.tsv, results/diencephalon/docr_sequences_forward_lin.tsv, results/diencephalon/positive_genes.tsv, reference/orthologs/zebra_mouse.tsv, reference/orthologs/zebra_human.tsv
    output: results/diencephalon/forward/network_final.tsv, results/diencephalon/forward/TF_expression.tsv, results/diencephalon/forward/gene_expression.tsv
    jobid: 5
    reason: Missing output files: results/diencephalon/forward/TF_expression.tsv, results/diencephalon/forward/network_final.tsv, results/diencephalon/forward/gene_expression.tsv; Input files updated by another job: results/diencephalon/docr_sequences_forward_lin.tsv, results/diencephalon/positive_genes.tsv, results/diencephalon/peaks_within_degs.tsv
    wildcards: celltype=diencephalon, strand=forward
    resources: tmpdir=/tmp
Select jobs to execute...
[Fri Nov 21 18:00:09 2025]
Finished jobid: 8 (Rule: prepare_data)
4 of 17 steps (24%) done
Execute 1 jobs...
[Fri Nov 21 18:00:09 2025]
localrule run_pipeline:
    input: results/placode/peaks_within_degs.tsv, results/placode/docr_sequences_reverse_lin.tsv, results/placode/positive_genes.tsv, reference/orthologs/zebra_mouse.tsv, reference/orthologs/zebra_human.tsv
    output: results/placode/reverse/network_final.tsv, results/placode/reverse/TF_expression.tsv, results/placode/reverse/gene_expression.tsv
    jobid: 10
    reason: Missing output files: results/placode/reverse/network_final.tsv, results/placode/reverse/TF_expression.tsv, results/placode/reverse/gene_expression.tsv; Input files updated by another job: results/placode/positive_genes.tsv, results/placode/docr_sequences_reverse_lin.tsv, results/placode/peaks_within_degs.tsv
    wildcards: celltype=placode, strand=reverse
    resources: tmpdir=/tmp
Select jobs to execute...
[Fri Nov 21 18:00:37 2025]
Finished jobid: 11 (Rule: run_pipeline)
5 of 17 steps (29%) done
Execute 1 jobs...
[Fri Nov 21 18:00:37 2025]
localrule run_pipeline:
    input: results/telencephalon/peaks_within_degs.tsv, results/telencephalon/docr_sequences_forward_lin.tsv, results/telencephalon/positive_genes.tsv, reference/orthologs/zebra_mouse.tsv, reference/orthologs/zebra_human.tsv
    output: results/telencephalon/forward/network_final.tsv, results/telencephalon/forward/TF_expression.tsv, results/telencephalon/forward/gene_expression.tsv
    jobid: 7
    reason: Missing output files: results/telencephalon/forward/network_final.tsv, results/telencephalon/forward/gene_expression.tsv, results/telencephalon/forward/TF_expression.tsv; Input files updated by another job: results/telencephalon/peaks_within_degs.tsv, results/telencephalon/positive_genes.tsv, results/telencephalon/docr_sequences_forward_lin.tsv
    wildcards: celltype=telencephalon, strand=forward
    resources: tmpdir=/tmp
[Fri Nov 21 18:00:37 2025]
Finished jobid: 1 (Rule: run_pipeline)
6 of 17 steps (35%) done
Select jobs to execute...
Execute 1 jobs...
[Fri Nov 21 18:00:37 2025]
localrule run_pipeline:
    input: results/stalk/peaks_within_degs.tsv, results/stalk/docr_sequences_reverse_lin.tsv, results/stalk/positive_genes.tsv, reference/orthologs/zebra_mouse.tsv, reference/orthologs/zebra_human.tsv
    output: results/stalk/reverse/network_final.tsv, results/stalk/reverse/TF_expression.tsv, results/stalk/reverse/gene_expression.tsv
    jobid: 9
    reason: Missing output files: results/stalk/reverse/network_final.tsv, results/stalk/reverse/TF_expression.tsv, results/stalk/reverse/gene_expression.tsv; Input files updated by another job: results/stalk/peaks_within_degs.tsv, results/stalk/docr_sequences_reverse_lin.tsv, results/stalk/positive_genes.tsv
    wildcards: celltype=stalk, strand=reverse
    resources: tmpdir=/tmp
Select jobs to execute...
[Fri Nov 21 18:00:38 2025]
Finished jobid: 5 (Rule: run_pipeline)
7 of 17 steps (41%) done
Execute 1 jobs...
[Fri Nov 21 18:00:39 2025]
localrule post_processing:
    input: results/diencephalon/forward/network_final.tsv, results/diencephalon/reverse/network_final.tsv, results/diencephalon/forward/gene_expression.tsv, results/diencephalon/reverse/gene_expression.tsv, results/diencephalon/forward/TF_expression.tsv, results/diencephalon/reverse/TF_expression.tsv
    output: results/diencephalon/network_scored.txt, results/diencephalon/filtered_network.txt
    jobid: 15
    reason: Missing output files: results/diencephalon/filtered_network.txt, results/diencephalon/network_scored.txt; Input files updated by another job: results/diencephalon/forward/TF_expression.tsv, results/diencephalon/forward/gene_expression.tsv, results/diencephalon/reverse/network_final.tsv, results/diencephalon/reverse/TF_expression.tsv, results/diencephalon/reverse/gene_expression.tsv, results/diencephalon/forward/network_final.tsv
    wildcards: celltype=diencephalon
    resources: tmpdir=/tmp
Select jobs to execute...
[Fri Nov 21 18:00:39 2025]
Finished jobid: 15 (Rule: post_processing)
8 of 17 steps (47%) done
Execute 1 jobs...
[Fri Nov 21 18:00:39 2025]
localrule run_pipeline:
    input: results/telencephalon/peaks_within_degs.tsv, results/telencephalon/docr_sequences_reverse_lin.tsv, results/telencephalon/positive_genes.tsv, reference/orthologs/zebra_mouse.tsv, reference/orthologs/zebra_human.tsv
    output: results/telencephalon/reverse/network_final.tsv, results/telencephalon/reverse/TF_expression.tsv, results/telencephalon/reverse/gene_expression.tsv
    jobid: 12
    reason: Missing output files: results/telencephalon/reverse/TF_expression.tsv, results/telencephalon/reverse/network_final.tsv, results/telencephalon/reverse/gene_expression.tsv; Input files updated by another job: results/telencephalon/peaks_within_degs.tsv, results/telencephalon/docr_sequences_reverse_lin.tsv, results/telencephalon/positive_genes.tsv
    wildcards: celltype=telencephalon, strand=reverse
    resources: tmpdir=/tmp
Select jobs to execute...
[Fri Nov 21 18:00:47 2025]
Finished jobid: 10 (Rule: run_pipeline)
9 of 17 steps (53%) done
Execute 1 jobs...
[Fri Nov 21 18:00:47 2025]
localrule run_pipeline:
    input: results/placode/peaks_within_degs.tsv, results/placode/docr_sequences_forward_lin.tsv, results/placode/positive_genes.tsv, reference/orthologs/zebra_mouse.tsv, reference/orthologs/zebra_human.tsv
    output: results/placode/forward/network_final.tsv, results/placode/forward/TF_expression.tsv, results/placode/forward/gene_expression.tsv
    jobid: 3
    reason: Missing output files: results/placode/forward/network_final.tsv, results/placode/forward/gene_expression.tsv, results/placode/forward/TF_expression.tsv; Input files updated by another job: results/placode/positive_genes.tsv, results/placode/peaks_within_degs.tsv, results/placode/docr_sequences_forward_lin.tsv
    wildcards: celltype=placode, strand=forward
    resources: tmpdir=/tmp
[Fri Nov 21 18:01:14 2025]
Finished jobid: 9 (Rule: run_pipeline)
10 of 17 steps (59%) done
Select jobs to execute...
Execute 1 jobs...
[Fri Nov 21 18:01:14 2025]
localrule post_processing:
    input: results/stalk/forward/network_final.tsv, results/stalk/reverse/network_final.tsv, results/stalk/forward/gene_expression.tsv, results/stalk/reverse/gene_expression.tsv, results/stalk/forward/TF_expression.tsv, results/stalk/reverse/TF_expression.tsv
    output: results/stalk/network_scored.txt, results/stalk/filtered_network.txt
    jobid: 13
    reason: Missing output files: results/stalk/filtered_network.txt, results/stalk/network_scored.txt; Input files updated by another job: results/stalk/reverse/network_final.tsv, results/stalk/forward/network_final.tsv, results/stalk/reverse/gene_expression.tsv, results/stalk/forward/TF_expression.tsv, results/stalk/forward/gene_expression.tsv, results/stalk/reverse/TF_expression.tsv
    wildcards: celltype=stalk
    resources: tmpdir=/tmp
[Fri Nov 21 18:01:14 2025]
Finished jobid: 13 (Rule: post_processing)
11 of 17 steps (65%) done
[Fri Nov 21 18:01:26 2025]
Finished jobid: 3 (Rule: run_pipeline)
12 of 17 steps (71%) done
Select jobs to execute...
Execute 1 jobs...
[Fri Nov 21 18:01:26 2025]
localrule post_processing:
    input: results/placode/forward/network_final.tsv, results/placode/reverse/network_final.tsv, results/placode/forward/gene_expression.tsv, results/placode/reverse/gene_expression.tsv, results/placode/forward/TF_expression.tsv, results/placode/reverse/TF_expression.tsv
    output: results/placode/network_scored.txt, results/placode/filtered_network.txt
    jobid: 14
    reason: Missing output files: results/placode/filtered_network.txt, results/placode/network_scored.txt; Input files updated by another job: results/placode/reverse/network_final.tsv, results/placode/reverse/gene_expression.tsv, results/placode/forward/network_final.tsv, results/placode/forward/gene_expression.tsv, results/placode/forward/TF_expression.tsv, results/placode/reverse/TF_expression.tsv
    wildcards: celltype=placode
    resources: tmpdir=/tmp
[Fri Nov 21 18:01:26 2025]
Finished jobid: 14 (Rule: post_processing)
13 of 17 steps (76%) done
[Fri Nov 21 18:01:49 2025]
Finished jobid: 7 (Rule: run_pipeline)
14 of 17 steps (82%) done
[Fri Nov 21 18:01:52 2025]
Finished jobid: 12 (Rule: run_pipeline)
15 of 17 steps (88%) done
Select jobs to execute...
Execute 1 jobs...
[Fri Nov 21 18:01:52 2025]
localrule post_processing:
    input: results/telencephalon/forward/network_final.tsv, results/telencephalon/reverse/network_final.tsv, results/telencephalon/forward/gene_expression.tsv, results/telencephalon/reverse/gene_expression.tsv, results/telencephalon/forward/TF_expression.tsv, results/telencephalon/reverse/TF_expression.tsv
    output: results/telencephalon/network_scored.txt, results/telencephalon/filtered_network.txt
    jobid: 16
    reason: Missing output files: results/telencephalon/filtered_network.txt, results/telencephalon/network_scored.txt; Input files updated by another job: results/telencephalon/forward/network_final.tsv, results/telencephalon/forward/gene_expression.tsv, results/telencephalon/forward/TF_expression.tsv, results/telencephalon/reverse/gene_expression.tsv, results/telencephalon/reverse/network_final.tsv, results/telencephalon/reverse/TF_expression.tsv
    wildcards: celltype=telencephalon
    resources: tmpdir=/tmp
[Fri Nov 21 18:01:52 2025]
Finished jobid: 16 (Rule: post_processing)
16 of 17 steps (94%) done
Select jobs to execute...
Execute 1 jobs...
[Fri Nov 21 18:01:52 2025]
localrule all:
    input: results/stalk/forward/network_final.tsv, results/placode/forward/network_final.tsv, results/diencephalon/forward/network_final.tsv, results/telencephalon/forward/network_final.tsv, results/stalk/reverse/network_final.tsv, results/placode/reverse/network_final.tsv, results/diencephalon/reverse/network_final.tsv, results/telencephalon/reverse/network_final.tsv, results/stalk/forward/TF_expression.tsv, results/placode/forward/TF_expression.tsv, results/diencephalon/forward/TF_expression.tsv, results/telencephalon/forward/TF_expression.tsv, results/stalk/reverse/TF_expression.tsv, results/placode/reverse/TF_expression.tsv, results/diencephalon/reverse/TF_expression.tsv, results/telencephalon/reverse/TF_expression.tsv, results/stalk/network_scored.txt, results/placode/network_scored.txt, results/diencephalon/network_scored.txt, results/telencephalon/network_scored.txt, results/stalk/filtered_network.txt, results/placode/filtered_network.txt, results/diencephalon/filtered_network.txt, results/telencephalon/filtered_network.txt
    jobid: 0
    reason: Input files updated by another job: results/telencephalon/reverse/network_final.tsv, results/placode/filtered_network.txt, results/diencephalon/reverse/TF_expression.tsv, results/diencephalon/filtered_network.txt, results/diencephalon/forward/TF_expression.tsv, results/placode/network_scored.txt, results/diencephalon/forward/network_final.tsv, results/stalk/reverse/TF_expression.tsv, results/placode/forward/TF_expression.tsv, results/stalk/reverse/network_final.tsv, results/diencephalon/reverse/network_final.tsv, results/telencephalon/network_scored.txt, results/telencephalon/filtered_network.txt, results/placode/reverse/network_final.tsv, results/placode/forward/network_final.tsv, results/stalk/forward/network_final.tsv, results/placode/reverse/TF_expression.tsv, results/stalk/network_scored.txt, results/diencephalon/network_scored.txt, results/telencephalon/forward/network_final.tsv, results/telencephalon/reverse/TF_expression.tsv, results/telencephalon/forward/TF_expression.tsv, results/stalk/filtered_network.txt, results/stalk/forward/TF_expression.tsv
    resources: tmpdir=/tmp
[Fri Nov 21 18:01:52 2025]
Finished jobid: 0 (Rule: all)
17 of 17 steps (100%) done
Complete log(s): /data/scMultiome/paper/GRNs_paper/multiome_no_doublets/github_code_zebra_8_10_2025_copy_21_11/.snakemake/log/2025-11-21T180000.394776.snakemake.log
