Assuming unrestricted shared filesystem usage.
None
host: javi-MS-7C81
Building DAG of jobs...
Using shell: /usr/bin/bash
Provided cores: 4
Rules claiming more threads will be scaled down.
Job stats:
job                count
---------------  -------
all                    1
post_processing        1
prepare_data           1
run_pipeline           2
total                  5

Select jobs to execute...
Execute 1 jobs...
[Tue Dec 23 10:56:02 2025]
localrule prepare_data:
    input: data/degs/all_degs.tsv, data/docrs/all_docrs.tsv, reference/annotations/Danio_rerio.gtf, reference/orthologs/zebra_human.tsv, reference/orthologs/zebra_mouse.tsv, reference/genomes/Danio_rerio.fa
    output: results/RPE/peaks_within_degs.tsv, results/RPE/docr_sequences_forward_lin.tsv, results/RPE/docr_sequences_reverse_lin.tsv, results/RPE/positive_genes.tsv, results/RPE/negative_genes.tsv
    jobid: 2
    reason: Missing output files: results/RPE/docr_sequences_reverse_lin.tsv, results/RPE/docr_sequences_forward_lin.tsv, results/RPE/peaks_within_degs.tsv, results/RPE/positive_genes.tsv
    wildcards: celltype=RPE
    resources: tmpdir=/tmp
[Tue Dec 23 10:56:07 2025]
Finished jobid: 2 (Rule: prepare_data)
1 of 5 steps (20%) done
Select jobs to execute...
Execute 2 jobs...
[Tue Dec 23 10:56:07 2025]
localrule run_pipeline:
    input: results/RPE/peaks_within_degs.tsv, results/RPE/docr_sequences_forward_lin.tsv, results/RPE/positive_genes.tsv, reference/orthologs/zebra_mouse.tsv, reference/orthologs/zebra_human.tsv
    output: results/RPE/forward/network_final.tsv, results/RPE/forward/TF_expression.tsv, results/RPE/forward/gene_expression.tsv, results/RPE/forward/tmp
    jobid: 1
    reason: Missing output files: results/RPE/forward/TF_expression.tsv, results/RPE/forward/network_final.tsv, results/RPE/forward/gene_expression.tsv; Input files updated by another job: results/RPE/docr_sequences_forward_lin.tsv, results/RPE/peaks_within_degs.tsv, results/RPE/positive_genes.tsv
    wildcards: celltype=RPE, strand=forward
    resources: tmpdir=/tmp
[Tue Dec 23 10:56:07 2025]
localrule run_pipeline:
    input: results/RPE/peaks_within_degs.tsv, results/RPE/docr_sequences_reverse_lin.tsv, results/RPE/positive_genes.tsv, reference/orthologs/zebra_mouse.tsv, reference/orthologs/zebra_human.tsv
    output: results/RPE/reverse/network_final.tsv, results/RPE/reverse/TF_expression.tsv, results/RPE/reverse/gene_expression.tsv, results/RPE/reverse/tmp
    jobid: 3
    reason: Missing output files: results/RPE/reverse/gene_expression.tsv, results/RPE/reverse/network_final.tsv, results/RPE/reverse/TF_expression.tsv; Input files updated by another job: results/RPE/docr_sequences_reverse_lin.tsv, results/RPE/peaks_within_degs.tsv, results/RPE/positive_genes.tsv
    wildcards: celltype=RPE, strand=reverse
    resources: tmpdir=/tmp
RuleException:
CalledProcessError in file "/data/scMultiome/paper/files/github_code_paper_10_12_2025/matchairen/Snakefile", line 49:
Command 'set -euo pipefail;  
    mkdir -p results/RPE/forward/tmp
    echo 'Running run_pipeline for RPE strand forward'
    bash run_motif_pipeline.sh forward RPE reference/orthologs/zebra_mouse.tsv reference/orthologs/zebra_human.tsv results/RPE/forward/tmp' returned non-zero exit status 2.
[Tue Dec 23 10:56:07 2025]
Error in rule run_pipeline:
    message: None
    jobid: 1
    input: results/RPE/peaks_within_degs.tsv, results/RPE/docr_sequences_forward_lin.tsv, results/RPE/positive_genes.tsv, reference/orthologs/zebra_mouse.tsv, reference/orthologs/zebra_human.tsv
    output: results/RPE/forward/network_final.tsv, results/RPE/forward/TF_expression.tsv, results/RPE/forward/gene_expression.tsv, results/RPE/forward/tmp
    shell:
        
    mkdir -p results/RPE/forward/tmp
    echo 'Running run_pipeline for RPE strand forward'
    bash run_motif_pipeline.sh forward RPE reference/orthologs/zebra_mouse.tsv reference/orthologs/zebra_human.tsv results/RPE/forward/tmp
    
        (command exited with non-zero exit code)
RuleException:
CalledProcessError in file "/data/scMultiome/paper/files/github_code_paper_10_12_2025/matchairen/Snakefile", line 49:
Command 'set -euo pipefail;  
    mkdir -p results/RPE/reverse/tmp
    echo 'Running run_pipeline for RPE strand reverse'
    bash run_motif_pipeline.sh reverse RPE reference/orthologs/zebra_mouse.tsv reference/orthologs/zebra_human.tsv results/RPE/reverse/tmp' returned non-zero exit status 2.
[Tue Dec 23 10:56:07 2025]
Error in rule run_pipeline:
    message: None
    jobid: 3
    input: results/RPE/peaks_within_degs.tsv, results/RPE/docr_sequences_reverse_lin.tsv, results/RPE/positive_genes.tsv, reference/orthologs/zebra_mouse.tsv, reference/orthologs/zebra_human.tsv
    output: results/RPE/reverse/network_final.tsv, results/RPE/reverse/TF_expression.tsv, results/RPE/reverse/gene_expression.tsv, results/RPE/reverse/tmp
    shell:
        
    mkdir -p results/RPE/reverse/tmp
    echo 'Running run_pipeline for RPE strand reverse'
    bash run_motif_pipeline.sh reverse RPE reference/orthologs/zebra_mouse.tsv reference/orthologs/zebra_human.tsv results/RPE/reverse/tmp
    
        (command exited with non-zero exit code)
Removing output files of failed job run_pipeline since they might be corrupted:
results/RPE/forward/tmp
Skipped removing non-empty directory results/RPE/forward/tmp
Removing output files of failed job run_pipeline since they might be corrupted:
results/RPE/reverse/tmp
Skipped removing non-empty directory results/RPE/reverse/tmp
Shutting down, this might take some time.
Exiting because a job execution failed. Look below for error messages
[Tue Dec 23 10:56:07 2025]
Error in rule run_pipeline:
    message: None
    jobid: 1
    input: results/RPE/peaks_within_degs.tsv, results/RPE/docr_sequences_forward_lin.tsv, results/RPE/positive_genes.tsv, reference/orthologs/zebra_mouse.tsv, reference/orthologs/zebra_human.tsv
    output: results/RPE/forward/network_final.tsv, results/RPE/forward/TF_expression.tsv, results/RPE/forward/gene_expression.tsv, results/RPE/forward/tmp
    shell:
        
    mkdir -p results/RPE/forward/tmp
    echo 'Running run_pipeline for RPE strand forward'
    bash run_motif_pipeline.sh forward RPE reference/orthologs/zebra_mouse.tsv reference/orthologs/zebra_human.tsv results/RPE/forward/tmp
    
        (command exited with non-zero exit code)
[Tue Dec 23 10:56:07 2025]
Error in rule run_pipeline:
    message: None
    jobid: 3
    input: results/RPE/peaks_within_degs.tsv, results/RPE/docr_sequences_reverse_lin.tsv, results/RPE/positive_genes.tsv, reference/orthologs/zebra_mouse.tsv, reference/orthologs/zebra_human.tsv
    output: results/RPE/reverse/network_final.tsv, results/RPE/reverse/TF_expression.tsv, results/RPE/reverse/gene_expression.tsv, results/RPE/reverse/tmp
    shell:
        
    mkdir -p results/RPE/reverse/tmp
    echo 'Running run_pipeline for RPE strand reverse'
    bash run_motif_pipeline.sh reverse RPE reference/orthologs/zebra_mouse.tsv reference/orthologs/zebra_human.tsv results/RPE/reverse/tmp
    
        (command exited with non-zero exit code)
Complete log(s): /data/scMultiome/paper/files/github_code_paper_10_12_2025/matchairen/.snakemake/log/2025-12-23T105602.110950.snakemake.log
WorkflowError:
At least one job did not complete successfully.
