Assuming unrestricted shared filesystem usage.
None
host: javi-MS-7C81
Building DAG of jobs...
Using shell: /usr/bin/bash
Provided cores: 4
Rules claiming more threads will be scaled down.
Job stats:
job                count
---------------  -------
all                    1
post_processing        1
prepare_data           1
run_pipeline           2
total                  5

Select jobs to execute...
Execute 1 jobs...
[Wed Oct  8 17:50:03 2025]
localrule prepare_data:
    input: data/degs/all_degs_sc.tsv, data/docrs/all_docrs.tsv, reference/annotations/Danio_rerio.gtf, reference/orthologs/zebra_human.tsv, reference/orthologs/zebra_mouse.tsv, reference/genomes/Danio_rerio.fa
    output: results/placode/peaks_within_degs.tsv, results/placode/docr_sequences_forward_lin.tsv, results/placode/docr_sequences_reverse_lin.tsv, results/placode/positive_genes.tsv, results/placode/negative_genes.tsv
    jobid: 2
    reason: Set of input files has changed since last execution
    wildcards: celltype=placode
    resources: tmpdir=/tmp
[Wed Oct  8 17:50:21 2025]
Finished jobid: 2 (Rule: prepare_data)
1 of 5 steps (20%) done
Select jobs to execute...
Execute 2 jobs...
[Wed Oct  8 17:50:21 2025]
localrule run_pipeline:
    input: results/placode/peaks_within_degs.tsv, results/placode/docr_sequences_forward_lin.tsv, results/placode/positive_genes.tsv, reference/orthologs/zebra_mouse.tsv, reference/orthologs/zebra_human.tsv
    output: results/placode/forward/network_final.tsv, results/placode/forward/TF_expression.tsv, results/placode/forward/gene_expression.tsv
    jobid: 1
    reason: Input files updated by another job: results/placode/docr_sequences_forward_lin.tsv, results/placode/peaks_within_degs.tsv, results/placode/positive_genes.tsv
    wildcards: celltype=placode, strand=forward
    resources: tmpdir=/tmp
[Wed Oct  8 17:50:21 2025]
localrule run_pipeline:
    input: results/placode/peaks_within_degs.tsv, results/placode/docr_sequences_reverse_lin.tsv, results/placode/positive_genes.tsv, reference/orthologs/zebra_mouse.tsv, reference/orthologs/zebra_human.tsv
    output: results/placode/reverse/network_final.tsv, results/placode/reverse/TF_expression.tsv, results/placode/reverse/gene_expression.tsv
    jobid: 3
    reason: Input files updated by another job: results/placode/positive_genes.tsv, results/placode/docr_sequences_reverse_lin.tsv, results/placode/peaks_within_degs.tsv
    wildcards: celltype=placode, strand=reverse
    resources: tmpdir=/tmp
[Wed Oct  8 17:50:50 2025]
Finished jobid: 1 (Rule: run_pipeline)
2 of 5 steps (40%) done
[Wed Oct  8 17:50:50 2025]
Finished jobid: 3 (Rule: run_pipeline)
3 of 5 steps (60%) done
Select jobs to execute...
Execute 1 jobs...
[Wed Oct  8 17:50:50 2025]
localrule post_processing:
    input: results/placode/forward/network_final.tsv, results/placode/reverse/network_final.tsv, results/placode/forward/gene_expression.tsv, results/placode/reverse/gene_expression.tsv, results/placode/forward/TF_expression.tsv, results/placode/reverse/TF_expression.tsv
    output: results/placode/network_scored.txt, results/placode/filtered_network.txt
    jobid: 4
    reason: Input files updated by another job: results/placode/forward/network_final.tsv, results/placode/forward/TF_expression.tsv, results/placode/reverse/gene_expression.tsv, results/placode/forward/gene_expression.tsv, results/placode/reverse/network_final.tsv, results/placode/reverse/TF_expression.tsv
    wildcards: celltype=placode
    resources: tmpdir=/tmp
[Wed Oct  8 17:50:51 2025]
Finished jobid: 4 (Rule: post_processing)
4 of 5 steps (80%) done
Select jobs to execute...
Execute 1 jobs...
[Wed Oct  8 17:50:51 2025]
localrule all:
    input: results/placode/forward/network_final.tsv, results/placode/reverse/network_final.tsv, results/placode/forward/TF_expression.tsv, results/placode/reverse/TF_expression.tsv, results/placode/network_scored.txt, results/placode/filtered_network.txt
    jobid: 0
    reason: Input files updated by another job: results/placode/forward/network_final.tsv, results/placode/network_scored.txt, results/placode/filtered_network.txt, results/placode/forward/TF_expression.tsv, results/placode/reverse/network_final.tsv, results/placode/reverse/TF_expression.tsv
    resources: tmpdir=/tmp
[Wed Oct  8 17:50:51 2025]
Finished jobid: 0 (Rule: all)
5 of 5 steps (100%) done
Complete log(s): /data/scMultiome/paper/GRNs_paper/multiome_no_doublets/github_code_zebra_8_10_2025/.snakemake/log/2025-10-08T175003.698006.snakemake.log
