Assuming unrestricted shared filesystem usage.
None
host: javi-MS-7C81
Building DAG of jobs...
Using shell: /usr/bin/bash
Provided cores: 1 (use --cores to define parallelism)
Rules claiming more threads will be scaled down.
Job stats:
job             count
------------  -------
prepare_data        1
total               1

Select jobs to execute...
Execute 1 jobs...
[Wed Jul  2 15:54:48 2025]
localrule prepare_data:
    input: data/degs/all_degs.tsv, data/docrs/all_docrs.tsv, reference/annotations/Homo_sapiens.gtf, reference/orthologs/human_human.tsv, reference/orthologs/human_mouse.tsv, reference/genomes/Homo_sapiens.fa
    output: results/Monocyte/peaks_within_degs.tsv, results/Monocyte/docr_sequences_forward_lin.tsv, results/Monocyte/docr_sequences_reverse_lin.tsv, results/Monocyte/positive_genes.tsv, results/Monocyte/negative_genes.tsv
    jobid: 0
    reason: Missing output files: results/Monocyte/positive_genes.tsv
    wildcards: celltype=Monocyte
    resources: tmpdir=/tmp
[Wed Jul  2 15:54:52 2025]
Finished jobid: 0 (Rule: prepare_data)
1 of 1 steps (100%) done
Complete log(s): /data/scMultiome/paper/GRNs_paper/multiome_no_doublets/github_code/.snakemake/log/2025-07-02T155448.615570.snakemake.log
