Assuming unrestricted shared filesystem usage.
None
host: javi-MS-7C81
Building DAG of jobs...
Using shell: /usr/bin/bash
Provided cores: 2
Rules claiming more threads will be scaled down.
Job stats:
job                count
---------------  -------
all                    1
post_processing        5
prepare_data           5
run_pipeline          10
total                 21

Select jobs to execute...
Execute 2 jobs...
[Fri Nov 21 15:30:28 2025]
localrule prepare_data:
    input: data/degs/all_degs.tsv, data/docrs/all_docrs.tsv, reference/annotations/Danio_rerio.gtf, reference/orthologs/zebra_human.tsv, reference/orthologs/zebra_mouse.tsv, reference/genomes/Danio_rerio.fa
    output: results/stalk/peaks_within_degs.tsv, results/stalk/docr_sequences_forward_lin.tsv, results/stalk/docr_sequences_reverse_lin.tsv, results/stalk/positive_genes.tsv, results/stalk/negative_genes.tsv
    jobid: 4
    reason: Missing output files: results/stalk/docr_sequences_reverse_lin.tsv, results/stalk/peaks_within_degs.tsv, results/stalk/positive_genes.tsv, results/stalk/docr_sequences_forward_lin.tsv
    wildcards: celltype=stalk
    resources: tmpdir=/tmp
[Fri Nov 21 15:30:28 2025]
localrule prepare_data:
    input: data/degs/all_degs.tsv, data/docrs/all_docrs.tsv, reference/annotations/Danio_rerio.gtf, reference/orthologs/zebra_human.tsv, reference/orthologs/zebra_mouse.tsv, reference/genomes/Danio_rerio.fa
    output: results/placode/peaks_within_degs.tsv, results/placode/docr_sequences_forward_lin.tsv, results/placode/docr_sequences_reverse_lin.tsv, results/placode/positive_genes.tsv, results/placode/negative_genes.tsv
    jobid: 6
    reason: Missing output files: results/placode/docr_sequences_forward_lin.tsv, results/placode/docr_sequences_reverse_lin.tsv, results/placode/positive_genes.tsv, results/placode/peaks_within_degs.tsv
    wildcards: celltype=placode
    resources: tmpdir=/tmp
Select jobs to execute...
[Fri Nov 21 15:30:30 2025]
Finished jobid: 4 (Rule: prepare_data)
1 of 21 steps (5%) done
Execute 1 jobs...
[Fri Nov 21 15:30:30 2025]
localrule prepare_data:
    input: data/degs/all_degs.tsv, data/docrs/all_docrs.tsv, reference/annotations/Danio_rerio.gtf, reference/orthologs/zebra_human.tsv, reference/orthologs/zebra_mouse.tsv, reference/genomes/Danio_rerio.fa
    output: results/retina/peaks_within_degs.tsv, results/retina/docr_sequences_forward_lin.tsv, results/retina/docr_sequences_reverse_lin.tsv, results/retina/positive_genes.tsv, results/retina/negative_genes.tsv
    jobid: 2
    reason: Missing output files: results/retina/positive_genes.tsv, results/retina/docr_sequences_forward_lin.tsv, results/retina/peaks_within_degs.tsv, results/retina/docr_sequences_reverse_lin.tsv
    wildcards: celltype=retina
    resources: tmpdir=/tmp
Select jobs to execute...
[Fri Nov 21 15:30:34 2025]
Finished jobid: 6 (Rule: prepare_data)
2 of 21 steps (10%) done
Execute 1 jobs...
[Fri Nov 21 15:30:34 2025]
localrule prepare_data:
    input: data/degs/all_degs.tsv, data/docrs/all_docrs.tsv, reference/annotations/Danio_rerio.gtf, reference/orthologs/zebra_human.tsv, reference/orthologs/zebra_mouse.tsv, reference/genomes/Danio_rerio.fa
    output: results/diencephalon/peaks_within_degs.tsv, results/diencephalon/docr_sequences_forward_lin.tsv, results/diencephalon/docr_sequences_reverse_lin.tsv, results/diencephalon/positive_genes.tsv, results/diencephalon/negative_genes.tsv
    jobid: 8
    reason: Missing output files: results/diencephalon/docr_sequences_reverse_lin.tsv, results/diencephalon/peaks_within_degs.tsv, results/diencephalon/docr_sequences_forward_lin.tsv, results/diencephalon/positive_genes.tsv
    wildcards: celltype=diencephalon
    resources: tmpdir=/tmp
Select jobs to execute...
[Fri Nov 21 15:30:39 2025]
Finished jobid: 8 (Rule: prepare_data)
3 of 21 steps (14%) done
Execute 1 jobs...
[Fri Nov 21 15:30:39 2025]
localrule run_pipeline:
    input: results/diencephalon/peaks_within_degs.tsv, results/diencephalon/docr_sequences_forward_lin.tsv, results/diencephalon/positive_genes.tsv, reference/orthologs/zebra_mouse.tsv, reference/orthologs/zebra_human.tsv
    output: results/diencephalon/forward/network_final.tsv, results/diencephalon/forward/TF_expression.tsv, results/diencephalon/forward/gene_expression.tsv
    jobid: 7
    reason: Missing output files: results/diencephalon/forward/TF_expression.tsv, results/diencephalon/forward/gene_expression.tsv, results/diencephalon/forward/network_final.tsv; Input files updated by another job: results/diencephalon/peaks_within_degs.tsv, results/diencephalon/docr_sequences_forward_lin.tsv, results/diencephalon/positive_genes.tsv
    wildcards: celltype=diencephalon, strand=forward
    resources: tmpdir=/tmp
Select jobs to execute...
[Fri Nov 21 15:30:51 2025]
Finished jobid: 2 (Rule: prepare_data)
4 of 21 steps (19%) done
Execute 1 jobs...
[Fri Nov 21 15:30:51 2025]
localrule run_pipeline:
    input: results/retina/peaks_within_degs.tsv, results/retina/docr_sequences_reverse_lin.tsv, results/retina/positive_genes.tsv, reference/orthologs/zebra_mouse.tsv, reference/orthologs/zebra_human.tsv
    output: results/retina/reverse/network_final.tsv, results/retina/reverse/TF_expression.tsv, results/retina/reverse/gene_expression.tsv
    jobid: 11
    reason: Missing output files: results/retina/reverse/network_final.tsv, results/retina/reverse/TF_expression.tsv, results/retina/reverse/gene_expression.tsv; Input files updated by another job: results/retina/positive_genes.tsv, results/retina/peaks_within_degs.tsv, results/retina/docr_sequences_reverse_lin.tsv
    wildcards: celltype=retina, strand=reverse
    resources: tmpdir=/tmp
Select jobs to execute...
[Fri Nov 21 15:32:09 2025]
Finished jobid: 7 (Rule: run_pipeline)
5 of 21 steps (24%) done
Execute 1 jobs...
[Fri Nov 21 15:32:09 2025]
localrule run_pipeline:
    input: results/diencephalon/peaks_within_degs.tsv, results/diencephalon/docr_sequences_reverse_lin.tsv, results/diencephalon/positive_genes.tsv, reference/orthologs/zebra_mouse.tsv, reference/orthologs/zebra_human.tsv
    output: results/diencephalon/reverse/network_final.tsv, results/diencephalon/reverse/TF_expression.tsv, results/diencephalon/reverse/gene_expression.tsv
    jobid: 14
    reason: Missing output files: results/diencephalon/reverse/TF_expression.tsv, results/diencephalon/reverse/gene_expression.tsv, results/diencephalon/reverse/network_final.tsv; Input files updated by another job: results/diencephalon/docr_sequences_reverse_lin.tsv, results/diencephalon/peaks_within_degs.tsv, results/diencephalon/positive_genes.tsv
    wildcards: celltype=diencephalon, strand=reverse
    resources: tmpdir=/tmp
Select jobs to execute...
[Fri Nov 21 15:33:43 2025]
Finished jobid: 14 (Rule: run_pipeline)
6 of 21 steps (29%) done
Execute 1 jobs...
[Fri Nov 21 15:33:43 2025]
localrule post_processing:
    input: results/diencephalon/forward/network_final.tsv, results/diencephalon/reverse/network_final.tsv, results/diencephalon/forward/gene_expression.tsv, results/diencephalon/reverse/gene_expression.tsv, results/diencephalon/forward/TF_expression.tsv, results/diencephalon/reverse/TF_expression.tsv
    output: results/diencephalon/network_scored.txt, results/diencephalon/filtered_network.txt
    jobid: 19
    reason: Missing output files: results/diencephalon/network_scored.txt, results/diencephalon/filtered_network.txt; Input files updated by another job: results/diencephalon/reverse/gene_expression.tsv, results/diencephalon/forward/gene_expression.tsv, results/diencephalon/forward/network_final.tsv, results/diencephalon/forward/TF_expression.tsv, results/diencephalon/reverse/TF_expression.tsv, results/diencephalon/reverse/network_final.tsv
    wildcards: celltype=diencephalon
    resources: tmpdir=/tmp
Select jobs to execute...
[Fri Nov 21 15:33:43 2025]
Finished jobid: 19 (Rule: post_processing)
7 of 21 steps (33%) done
Execute 1 jobs...
[Fri Nov 21 15:33:43 2025]
localrule run_pipeline:
    input: results/retina/peaks_within_degs.tsv, results/retina/docr_sequences_forward_lin.tsv, results/retina/positive_genes.tsv, reference/orthologs/zebra_mouse.tsv, reference/orthologs/zebra_human.tsv
    output: results/retina/forward/network_final.tsv, results/retina/forward/TF_expression.tsv, results/retina/forward/gene_expression.tsv
    jobid: 1
    reason: Missing output files: results/retina/forward/network_final.tsv, results/retina/forward/TF_expression.tsv, results/retina/forward/gene_expression.tsv; Input files updated by another job: results/retina/positive_genes.tsv, results/retina/docr_sequences_forward_lin.tsv, results/retina/peaks_within_degs.tsv
    wildcards: celltype=retina, strand=forward
    resources: tmpdir=/tmp
Select jobs to execute...
[Fri Nov 21 15:38:25 2025]
Finished jobid: 11 (Rule: run_pipeline)
8 of 21 steps (38%) done
Execute 1 jobs...
[Fri Nov 21 15:38:25 2025]
localrule run_pipeline:
    input: results/stalk/peaks_within_degs.tsv, results/stalk/docr_sequences_reverse_lin.tsv, results/stalk/positive_genes.tsv, reference/orthologs/zebra_mouse.tsv, reference/orthologs/zebra_human.tsv
    output: results/stalk/reverse/network_final.tsv, results/stalk/reverse/TF_expression.tsv, results/stalk/reverse/gene_expression.tsv
    jobid: 12
    reason: Missing output files: results/stalk/reverse/network_final.tsv, results/stalk/reverse/gene_expression.tsv, results/stalk/reverse/TF_expression.tsv; Input files updated by another job: results/stalk/docr_sequences_reverse_lin.tsv, results/stalk/peaks_within_degs.tsv, results/stalk/positive_genes.tsv
    wildcards: celltype=stalk, strand=reverse
    resources: tmpdir=/tmp
Select jobs to execute...
[Fri Nov 21 15:40:05 2025]
Finished jobid: 12 (Rule: run_pipeline)
9 of 21 steps (43%) done
Execute 1 jobs...
[Fri Nov 21 15:40:05 2025]
localrule run_pipeline:
    input: results/placode/peaks_within_degs.tsv, results/placode/docr_sequences_forward_lin.tsv, results/placode/positive_genes.tsv, reference/orthologs/zebra_mouse.tsv, reference/orthologs/zebra_human.tsv
    output: results/placode/forward/network_final.tsv, results/placode/forward/TF_expression.tsv, results/placode/forward/gene_expression.tsv
    jobid: 5
    reason: Missing output files: results/placode/forward/network_final.tsv, results/placode/forward/TF_expression.tsv, results/placode/forward/gene_expression.tsv; Input files updated by another job: results/placode/docr_sequences_forward_lin.tsv, results/placode/positive_genes.tsv, results/placode/peaks_within_degs.tsv
    wildcards: celltype=placode, strand=forward
    resources: tmpdir=/tmp
Select jobs to execute...
[Fri Nov 21 15:41:27 2025]
Finished jobid: 1 (Rule: run_pipeline)
10 of 21 steps (48%) done
Execute 1 jobs...
[Fri Nov 21 15:41:27 2025]
localrule prepare_data:
    input: data/degs/all_degs.tsv, data/docrs/all_docrs.tsv, reference/annotations/Danio_rerio.gtf, reference/orthologs/zebra_human.tsv, reference/orthologs/zebra_mouse.tsv, reference/genomes/Danio_rerio.fa
    output: results/telencephalon/peaks_within_degs.tsv, results/telencephalon/docr_sequences_forward_lin.tsv, results/telencephalon/docr_sequences_reverse_lin.tsv, results/telencephalon/positive_genes.tsv, results/telencephalon/negative_genes.tsv
    jobid: 10
    reason: Missing output files: results/telencephalon/docr_sequences_forward_lin.tsv, results/telencephalon/positive_genes.tsv, results/telencephalon/peaks_within_degs.tsv, results/telencephalon/docr_sequences_reverse_lin.tsv
    wildcards: celltype=telencephalon
    resources: tmpdir=/tmp
Select jobs to execute...
[Fri Nov 21 15:41:38 2025]
Finished jobid: 10 (Rule: prepare_data)
11 of 21 steps (52%) done
Execute 1 jobs...
[Fri Nov 21 15:41:38 2025]
localrule run_pipeline:
    input: results/telencephalon/peaks_within_degs.tsv, results/telencephalon/docr_sequences_forward_lin.tsv, results/telencephalon/positive_genes.tsv, reference/orthologs/zebra_mouse.tsv, reference/orthologs/zebra_human.tsv
    output: results/telencephalon/forward/network_final.tsv, results/telencephalon/forward/TF_expression.tsv, results/telencephalon/forward/gene_expression.tsv
    jobid: 9
    reason: Missing output files: results/telencephalon/forward/network_final.tsv, results/telencephalon/forward/TF_expression.tsv, results/telencephalon/forward/gene_expression.tsv; Input files updated by another job: results/telencephalon/docr_sequences_forward_lin.tsv, results/telencephalon/positive_genes.tsv, results/telencephalon/peaks_within_degs.tsv
    wildcards: celltype=telencephalon, strand=forward
    resources: tmpdir=/tmp
Select jobs to execute...
[Fri Nov 21 15:41:53 2025]
Finished jobid: 5 (Rule: run_pipeline)
12 of 21 steps (57%) done
Execute 1 jobs...
[Fri Nov 21 15:41:53 2025]
localrule post_processing:
    input: results/retina/forward/network_final.tsv, results/retina/reverse/network_final.tsv, results/retina/forward/gene_expression.tsv, results/retina/reverse/gene_expression.tsv, results/retina/forward/TF_expression.tsv, results/retina/reverse/TF_expression.tsv
    output: results/retina/network_scored.txt, results/retina/filtered_network.txt
    jobid: 16
    reason: Missing output files: results/retina/filtered_network.txt, results/retina/network_scored.txt; Input files updated by another job: results/retina/forward/TF_expression.tsv, results/retina/reverse/TF_expression.tsv, results/retina/reverse/gene_expression.tsv, results/retina/forward/network_final.tsv, results/retina/reverse/network_final.tsv, results/retina/forward/gene_expression.tsv
    wildcards: celltype=retina
    resources: tmpdir=/tmp
Select jobs to execute...
[Fri Nov 21 15:41:54 2025]
Finished jobid: 16 (Rule: post_processing)
13 of 21 steps (62%) done
Execute 1 jobs...
[Fri Nov 21 15:41:54 2025]
localrule run_pipeline:
    input: results/telencephalon/peaks_within_degs.tsv, results/telencephalon/docr_sequences_reverse_lin.tsv, results/telencephalon/positive_genes.tsv, reference/orthologs/zebra_mouse.tsv, reference/orthologs/zebra_human.tsv
    output: results/telencephalon/reverse/network_final.tsv, results/telencephalon/reverse/TF_expression.tsv, results/telencephalon/reverse/gene_expression.tsv
    jobid: 15
    reason: Missing output files: results/telencephalon/reverse/TF_expression.tsv, results/telencephalon/reverse/network_final.tsv, results/telencephalon/reverse/gene_expression.tsv; Input files updated by another job: results/telencephalon/positive_genes.tsv, results/telencephalon/peaks_within_degs.tsv, results/telencephalon/docr_sequences_reverse_lin.tsv
    wildcards: celltype=telencephalon, strand=reverse
    resources: tmpdir=/tmp
Select jobs to execute...
[Fri Nov 21 15:45:39 2025]
Finished jobid: 9 (Rule: run_pipeline)
14 of 21 steps (67%) done
Execute 1 jobs...
[Fri Nov 21 15:45:39 2025]
localrule run_pipeline:
    input: results/placode/peaks_within_degs.tsv, results/placode/docr_sequences_reverse_lin.tsv, results/placode/positive_genes.tsv, reference/orthologs/zebra_mouse.tsv, reference/orthologs/zebra_human.tsv
    output: results/placode/reverse/network_final.tsv, results/placode/reverse/TF_expression.tsv, results/placode/reverse/gene_expression.tsv
    jobid: 13
    reason: Missing output files: results/placode/reverse/network_final.tsv, results/placode/reverse/TF_expression.tsv, results/placode/reverse/gene_expression.tsv; Input files updated by another job: results/placode/docr_sequences_reverse_lin.tsv, results/placode/positive_genes.tsv, results/placode/peaks_within_degs.tsv
    wildcards: celltype=placode, strand=reverse
    resources: tmpdir=/tmp
Select jobs to execute...
[Fri Nov 21 15:45:58 2025]
Finished jobid: 15 (Rule: run_pipeline)
15 of 21 steps (71%) done
Execute 1 jobs...
[Fri Nov 21 15:45:58 2025]
localrule run_pipeline:
    input: results/stalk/peaks_within_degs.tsv, results/stalk/docr_sequences_forward_lin.tsv, results/stalk/positive_genes.tsv, reference/orthologs/zebra_mouse.tsv, reference/orthologs/zebra_human.tsv
    output: results/stalk/forward/network_final.tsv, results/stalk/forward/TF_expression.tsv, results/stalk/forward/gene_expression.tsv
    jobid: 3
    reason: Missing output files: results/stalk/forward/TF_expression.tsv, results/stalk/forward/gene_expression.tsv, results/stalk/forward/network_final.tsv; Input files updated by another job: results/stalk/peaks_within_degs.tsv, results/stalk/positive_genes.tsv, results/stalk/docr_sequences_forward_lin.tsv
    wildcards: celltype=stalk, strand=forward
    resources: tmpdir=/tmp
Select jobs to execute...
[Fri Nov 21 15:47:33 2025]
Finished jobid: 13 (Rule: run_pipeline)
16 of 21 steps (76%) done
Execute 1 jobs...
[Fri Nov 21 15:47:33 2025]
localrule post_processing:
    input: results/placode/forward/network_final.tsv, results/placode/reverse/network_final.tsv, results/placode/forward/gene_expression.tsv, results/placode/reverse/gene_expression.tsv, results/placode/forward/TF_expression.tsv, results/placode/reverse/TF_expression.tsv
    output: results/placode/network_scored.txt, results/placode/filtered_network.txt
    jobid: 18
    reason: Missing output files: results/placode/filtered_network.txt, results/placode/network_scored.txt; Input files updated by another job: results/placode/reverse/network_final.tsv, results/placode/reverse/TF_expression.tsv, results/placode/forward/TF_expression.tsv, results/placode/reverse/gene_expression.tsv, results/placode/forward/gene_expression.tsv, results/placode/forward/network_final.tsv
    wildcards: celltype=placode
    resources: tmpdir=/tmp
Select jobs to execute...
[Fri Nov 21 15:47:33 2025]
Finished jobid: 18 (Rule: post_processing)
17 of 21 steps (81%) done
Execute 1 jobs...
[Fri Nov 21 15:47:33 2025]
localrule post_processing:
    input: results/telencephalon/forward/network_final.tsv, results/telencephalon/reverse/network_final.tsv, results/telencephalon/forward/gene_expression.tsv, results/telencephalon/reverse/gene_expression.tsv, results/telencephalon/forward/TF_expression.tsv, results/telencephalon/reverse/TF_expression.tsv
    output: results/telencephalon/network_scored.txt, results/telencephalon/filtered_network.txt
    jobid: 20
    reason: Missing output files: results/telencephalon/network_scored.txt, results/telencephalon/filtered_network.txt; Input files updated by another job: results/telencephalon/forward/network_final.tsv, results/telencephalon/forward/TF_expression.tsv, results/telencephalon/reverse/TF_expression.tsv, results/telencephalon/reverse/network_final.tsv, results/telencephalon/reverse/gene_expression.tsv, results/telencephalon/forward/gene_expression.tsv
    wildcards: celltype=telencephalon
    resources: tmpdir=/tmp
[Fri Nov 21 15:47:34 2025]
Finished jobid: 20 (Rule: post_processing)
18 of 21 steps (86%) done
[Fri Nov 21 15:47:38 2025]
Finished jobid: 3 (Rule: run_pipeline)
19 of 21 steps (90%) done
Select jobs to execute...
Execute 1 jobs...
[Fri Nov 21 15:47:38 2025]
localrule post_processing:
    input: results/stalk/forward/network_final.tsv, results/stalk/reverse/network_final.tsv, results/stalk/forward/gene_expression.tsv, results/stalk/reverse/gene_expression.tsv, results/stalk/forward/TF_expression.tsv, results/stalk/reverse/TF_expression.tsv
    output: results/stalk/network_scored.txt, results/stalk/filtered_network.txt
    jobid: 17
    reason: Missing output files: results/stalk/filtered_network.txt, results/stalk/network_scored.txt; Input files updated by another job: results/stalk/reverse/network_final.tsv, results/stalk/forward/network_final.tsv, results/stalk/forward/TF_expression.tsv, results/stalk/reverse/gene_expression.tsv, results/stalk/forward/gene_expression.tsv, results/stalk/reverse/TF_expression.tsv
    wildcards: celltype=stalk
    resources: tmpdir=/tmp
[Fri Nov 21 15:47:38 2025]
Finished jobid: 17 (Rule: post_processing)
20 of 21 steps (95%) done
Select jobs to execute...
Execute 1 jobs...
[Fri Nov 21 15:47:38 2025]
localrule all:
    input: results/retina/forward/network_final.tsv, results/stalk/forward/network_final.tsv, results/placode/forward/network_final.tsv, results/diencephalon/forward/network_final.tsv, results/telencephalon/forward/network_final.tsv, results/retina/reverse/network_final.tsv, results/stalk/reverse/network_final.tsv, results/placode/reverse/network_final.tsv, results/diencephalon/reverse/network_final.tsv, results/telencephalon/reverse/network_final.tsv, results/retina/forward/TF_expression.tsv, results/stalk/forward/TF_expression.tsv, results/placode/forward/TF_expression.tsv, results/diencephalon/forward/TF_expression.tsv, results/telencephalon/forward/TF_expression.tsv, results/retina/reverse/TF_expression.tsv, results/stalk/reverse/TF_expression.tsv, results/placode/reverse/TF_expression.tsv, results/diencephalon/reverse/TF_expression.tsv, results/telencephalon/reverse/TF_expression.tsv, results/retina/network_scored.txt, results/stalk/network_scored.txt, results/placode/network_scored.txt, results/diencephalon/network_scored.txt, results/telencephalon/network_scored.txt, results/retina/filtered_network.txt, results/stalk/filtered_network.txt, results/placode/filtered_network.txt, results/diencephalon/filtered_network.txt, results/telencephalon/filtered_network.txt
    jobid: 0
    reason: Input files updated by another job: results/diencephalon/filtered_network.txt, results/telencephalon/filtered_network.txt, results/diencephalon/reverse/TF_expression.tsv, results/telencephalon/reverse/TF_expression.tsv, results/diencephalon/network_scored.txt, results/placode/network_scored.txt, results/retina/reverse/TF_expression.tsv, results/retina/network_scored.txt, results/placode/filtered_network.txt, results/placode/forward/network_final.tsv, results/telencephalon/forward/TF_expression.tsv, results/stalk/forward/network_final.tsv, results/diencephalon/reverse/network_final.tsv, results/retina/forward/network_final.tsv, results/retina/filtered_network.txt, results/retina/reverse/network_final.tsv, results/placode/reverse/network_final.tsv, results/stalk/reverse/TF_expression.tsv, results/stalk/reverse/network_final.tsv, results/retina/forward/TF_expression.tsv, results/stalk/filtered_network.txt, results/diencephalon/forward/TF_expression.tsv, results/stalk/forward/TF_expression.tsv, results/telencephalon/forward/network_final.tsv, results/stalk/network_scored.txt, results/placode/forward/TF_expression.tsv, results/diencephalon/forward/network_final.tsv, results/telencephalon/network_scored.txt, results/placode/reverse/TF_expression.tsv, results/telencephalon/reverse/network_final.tsv
    resources: tmpdir=/tmp
[Fri Nov 21 15:47:38 2025]
Finished jobid: 0 (Rule: all)
21 of 21 steps (100%) done
Complete log(s): /data/scMultiome/paper/GRNs_paper/multiome_no_doublets/github_code_zebra_8_10_2025_copy_21_11/.snakemake/log/2025-11-21T153028.084962.snakemake.log
