Assuming unrestricted shared filesystem usage.
None
host: javi-MS-7C81
Building DAG of jobs...
Using shell: /usr/bin/bash
Provided cores: 4
Rules claiming more threads will be scaled down.
Job stats:
job                count
---------------  -------
all                    1
post_processing        1
prepare_data           1
run_pipeline           2
total                  5

Select jobs to execute...
Execute 1 jobs...
[Tue Dec 23 08:57:57 2025]
localrule prepare_data:
    input: data/degs/all_degs.tsv, data/docrs/all_docrs.tsv, reference/annotations/Danio_rerio.gtf, reference/orthologs/zebra_human.tsv, reference/orthologs/zebra_mouse.tsv, reference/genomes/Danio_rerio.fa
    output: results/RPE/peaks_within_degs.tsv, results/RPE/docr_sequences_forward_lin.tsv, results/RPE/docr_sequences_reverse_lin.tsv, results/RPE/positive_genes.tsv, results/RPE/negative_genes.tsv
    jobid: 2
    reason: Missing output files: results/RPE/docr_sequences_reverse_lin.tsv, results/RPE/docr_sequences_forward_lin.tsv, results/RPE/peaks_within_degs.tsv, results/RPE/positive_genes.tsv
    wildcards: celltype=RPE
    resources: tmpdir=/tmp
[Tue Dec 23 08:58:02 2025]
Finished jobid: 2 (Rule: prepare_data)
1 of 5 steps (20%) done
Select jobs to execute...
Execute 2 jobs...
[Tue Dec 23 08:58:02 2025]
localrule run_pipeline:
    input: results/RPE/peaks_within_degs.tsv, results/RPE/docr_sequences_forward_lin.tsv, results/RPE/positive_genes.tsv, reference/orthologs/zebra_mouse.tsv, reference/orthologs/zebra_human.tsv
    output: results/RPE/forward/network_final.tsv, results/RPE/forward/TF_expression.tsv, results/RPE/forward/gene_expression.tsv
    jobid: 1
    reason: Missing output files: results/RPE/forward/TF_expression.tsv, results/RPE/forward/network_final.tsv, results/RPE/forward/gene_expression.tsv; Input files updated by another job: results/RPE/docr_sequences_forward_lin.tsv, results/RPE/peaks_within_degs.tsv, results/RPE/positive_genes.tsv
    wildcards: celltype=RPE, strand=forward
    resources: tmpdir=/tmp
[Tue Dec 23 08:58:02 2025]
localrule run_pipeline:
    input: results/RPE/peaks_within_degs.tsv, results/RPE/docr_sequences_reverse_lin.tsv, results/RPE/positive_genes.tsv, reference/orthologs/zebra_mouse.tsv, reference/orthologs/zebra_human.tsv
    output: results/RPE/reverse/network_final.tsv, results/RPE/reverse/TF_expression.tsv, results/RPE/reverse/gene_expression.tsv
    jobid: 3
    reason: Missing output files: results/RPE/reverse/gene_expression.tsv, results/RPE/reverse/TF_expression.tsv, results/RPE/reverse/network_final.tsv; Input files updated by another job: results/RPE/docr_sequences_reverse_lin.tsv, results/RPE/peaks_within_degs.tsv, results/RPE/positive_genes.tsv
    wildcards: celltype=RPE, strand=reverse
    resources: tmpdir=/tmp
[Tue Dec 23 09:02:47 2025]
Finished jobid: 1 (Rule: run_pipeline)
2 of 5 steps (40%) done
[Tue Dec 23 09:02:49 2025]
Finished jobid: 3 (Rule: run_pipeline)
3 of 5 steps (60%) done
Select jobs to execute...
Execute 1 jobs...
[Tue Dec 23 09:02:49 2025]
localrule post_processing:
    input: results/RPE/forward/network_final.tsv, results/RPE/reverse/network_final.tsv, results/RPE/forward/gene_expression.tsv, results/RPE/reverse/gene_expression.tsv, results/RPE/forward/TF_expression.tsv, results/RPE/reverse/TF_expression.tsv
    output: results/RPE/network_scored.txt, results/RPE/filtered_network.txt
    jobid: 4
    reason: Missing output files: results/RPE/network_scored.txt, results/RPE/filtered_network.txt; Input files updated by another job: results/RPE/forward/network_final.tsv, results/RPE/reverse/gene_expression.tsv, results/RPE/forward/gene_expression.tsv, results/RPE/forward/TF_expression.tsv, results/RPE/reverse/TF_expression.tsv, results/RPE/reverse/network_final.tsv; Code has changed since last execution
    wildcards: celltype=RPE
    resources: tmpdir=/tmp
Waiting at most 5 seconds for missing files:
results/RPE/filtered_network.txt (missing locally)
MissingOutputException in rule post_processing in file "/data/scMultiome/paper/files/github_code_paper_10_12_2025/matchairen/Snakefile", line 55:
Job 4  completed successfully, but some output files are missing. Missing files after 5 seconds. This might be due to filesystem latency. If that is the case, consider to increase the wait time with --latency-wait:
results/RPE/filtered_network.txt (missing locally, parent dir contents: degree_targets.txt, degrees.txt, docr_sequences_forward.fa, neg_degs_orth.tsv, pos_degs_coord.tsv, pos_degs_orth.tsv, docrs, neg_degs_coord.tsv, peaks_within_pos_degs.tsv, expression_sorted.tsv, docr_sequences_reverse_lin.tsv, neg_degs_expanded.tsv, reverse, docr_sequences_reverse.fa, TF_expression.tsv, negative_genes.tsv, docr_sequences_forward_lin.tsv, merged.tsv, expression.tsv, peaks_within_degs.tsv, peaks_within_neg_degs.tsv, coordinates.tsv, network_scored.txt, network_final.tsv, gene_coord.tsv, degrees_sorted.txt, positive_genes.tsv, pos_degs_expanded.tsv, forward, gene_expression.tsv, DEGs_peaks.tsv, degree_TFs.txt)
Removing output files of failed job post_processing since they might be corrupted:
results/RPE/network_scored.txt
Shutting down, this might take some time.
Exiting because a job execution failed. Look below for error messages
[Tue Dec 23 09:02:54 2025]
Error in rule post_processing:
    message: None
    jobid: 4
    input: results/RPE/forward/network_final.tsv, results/RPE/reverse/network_final.tsv, results/RPE/forward/gene_expression.tsv, results/RPE/reverse/gene_expression.tsv, results/RPE/forward/TF_expression.tsv, results/RPE/reverse/TF_expression.tsv
    output: results/RPE/network_scored.txt, results/RPE/filtered_network.txt
    shell:
        
        echo 'Executing post-processing for RPE'
        bash run_post_pipeline.sh RPE
        
        (command exited with non-zero exit code)
Complete log(s): /data/scMultiome/paper/files/github_code_paper_10_12_2025/matchairen/.snakemake/log/2025-12-23T085757.554798.snakemake.log
WorkflowError:
At least one job did not complete successfully.
