Assuming unrestricted shared filesystem usage.
None
host: javi-MS-7C81
Building DAG of jobs...
Using shell: /usr/bin/bash
Provided cores: 4
Rules claiming more threads will be scaled down.
Job stats:
job                count
---------------  -------
all                    1
post_processing        2
prepare_data           2
run_pipeline           4
total                  9

Select jobs to execute...
Execute 2 jobs...
[Wed Oct  8 18:37:40 2025]
localrule prepare_data:
    input: data/degs/all_degs_sc.tsv, data/docrs/all_docrs.tsv, reference/annotations/Danio_rerio.gtf, reference/orthologs/zebra_human.tsv, reference/orthologs/zebra_mouse.tsv, reference/genomes/Danio_rerio.fa
    output: results/placode/peaks_within_degs.tsv, results/placode/docr_sequences_forward_lin.tsv, results/placode/docr_sequences_reverse_lin.tsv, results/placode/positive_genes.tsv, results/placode/negative_genes.tsv
    jobid: 4
    reason: Missing output files: results/placode/docr_sequences_reverse_lin.tsv, results/placode/peaks_within_degs.tsv, results/placode/docr_sequences_forward_lin.tsv, results/placode/positive_genes.tsv
    wildcards: celltype=placode
    resources: tmpdir=/tmp
[Wed Oct  8 18:37:40 2025]
localrule prepare_data:
    input: data/degs/all_degs_sc.tsv, data/docrs/all_docrs.tsv, reference/annotations/Danio_rerio.gtf, reference/orthologs/zebra_human.tsv, reference/orthologs/zebra_mouse.tsv, reference/genomes/Danio_rerio.fa
    output: results/stalk/peaks_within_degs.tsv, results/stalk/docr_sequences_forward_lin.tsv, results/stalk/docr_sequences_reverse_lin.tsv, results/stalk/positive_genes.tsv, results/stalk/negative_genes.tsv
    jobid: 2
    reason: Missing output files: results/stalk/peaks_within_degs.tsv, results/stalk/positive_genes.tsv, results/stalk/docr_sequences_forward_lin.tsv, results/stalk/docr_sequences_reverse_lin.tsv
    wildcards: celltype=stalk
    resources: tmpdir=/tmp
[Wed Oct  8 18:37:42 2025]
Finished jobid: 2 (Rule: prepare_data)
1 of 9 steps (11%) done
Select jobs to execute...
Execute 2 jobs...
[Wed Oct  8 18:37:42 2025]
localrule run_pipeline:
    input: results/stalk/peaks_within_degs.tsv, results/stalk/docr_sequences_forward_lin.tsv, results/stalk/positive_genes.tsv, reference/orthologs/zebra_mouse.tsv, reference/orthologs/zebra_human.tsv
    output: results/stalk/forward/network_final.tsv, results/stalk/forward/TF_expression.tsv, results/stalk/forward/gene_expression.tsv
    jobid: 1
    reason: Missing output files: results/stalk/forward/gene_expression.tsv, results/stalk/forward/TF_expression.tsv, results/stalk/forward/network_final.tsv; Input files updated by another job: results/stalk/peaks_within_degs.tsv, results/stalk/positive_genes.tsv, results/stalk/docr_sequences_forward_lin.tsv
    wildcards: celltype=stalk, strand=forward
    resources: tmpdir=/tmp
[Wed Oct  8 18:37:42 2025]
localrule run_pipeline:
    input: results/stalk/peaks_within_degs.tsv, results/stalk/docr_sequences_reverse_lin.tsv, results/stalk/positive_genes.tsv, reference/orthologs/zebra_mouse.tsv, reference/orthologs/zebra_human.tsv
    output: results/stalk/reverse/network_final.tsv, results/stalk/reverse/TF_expression.tsv, results/stalk/reverse/gene_expression.tsv
    jobid: 5
    reason: Missing output files: results/stalk/reverse/gene_expression.tsv, results/stalk/reverse/TF_expression.tsv, results/stalk/reverse/network_final.tsv; Input files updated by another job: results/stalk/peaks_within_degs.tsv, results/stalk/positive_genes.tsv, results/stalk/docr_sequences_reverse_lin.tsv
    wildcards: celltype=stalk, strand=reverse
    resources: tmpdir=/tmp
[Wed Oct  8 18:37:55 2025]
Finished jobid: 4 (Rule: prepare_data)
2 of 9 steps (22%) done
Select jobs to execute...
Execute 2 jobs...
[Wed Oct  8 18:37:55 2025]
localrule run_pipeline:
    input: results/placode/peaks_within_degs.tsv, results/placode/docr_sequences_reverse_lin.tsv, results/placode/positive_genes.tsv, reference/orthologs/zebra_mouse.tsv, reference/orthologs/zebra_human.tsv
    output: results/placode/reverse/network_final.tsv, results/placode/reverse/TF_expression.tsv, results/placode/reverse/gene_expression.tsv
    jobid: 6
    reason: Missing output files: results/placode/reverse/network_final.tsv, results/placode/reverse/gene_expression.tsv, results/placode/reverse/TF_expression.tsv; Input files updated by another job: results/placode/docr_sequences_reverse_lin.tsv, results/placode/positive_genes.tsv, results/placode/peaks_within_degs.tsv
    wildcards: celltype=placode, strand=reverse
    resources: tmpdir=/tmp
[Wed Oct  8 18:37:55 2025]
localrule run_pipeline:
    input: results/placode/peaks_within_degs.tsv, results/placode/docr_sequences_forward_lin.tsv, results/placode/positive_genes.tsv, reference/orthologs/zebra_mouse.tsv, reference/orthologs/zebra_human.tsv
    output: results/placode/forward/network_final.tsv, results/placode/forward/TF_expression.tsv, results/placode/forward/gene_expression.tsv
    jobid: 3
    reason: Missing output files: results/placode/forward/network_final.tsv, results/placode/forward/gene_expression.tsv, results/placode/forward/TF_expression.tsv; Input files updated by another job: results/placode/positive_genes.tsv, results/placode/docr_sequences_forward_lin.tsv, results/placode/peaks_within_degs.tsv
    wildcards: celltype=placode, strand=forward
    resources: tmpdir=/tmp
[Wed Oct  8 18:38:07 2025]
Finished jobid: 1 (Rule: run_pipeline)
3 of 9 steps (33%) done
[Wed Oct  8 18:38:07 2025]
Finished jobid: 5 (Rule: run_pipeline)
4 of 9 steps (44%) done
Select jobs to execute...
Execute 1 jobs...
[Wed Oct  8 18:38:07 2025]
localrule post_processing:
    input: results/stalk/forward/network_final.tsv, results/stalk/reverse/network_final.tsv, results/stalk/forward/gene_expression.tsv, results/stalk/reverse/gene_expression.tsv, results/stalk/forward/TF_expression.tsv, results/stalk/reverse/TF_expression.tsv
    output: results/stalk/network_scored.txt, results/stalk/filtered_network.txt
    jobid: 7
    reason: Missing output files: results/stalk/filtered_network.txt, results/stalk/network_scored.txt; Input files updated by another job: results/stalk/reverse/network_final.tsv, results/stalk/reverse/TF_expression.tsv, results/stalk/reverse/gene_expression.tsv, results/stalk/forward/gene_expression.tsv, results/stalk/forward/TF_expression.tsv, results/stalk/forward/network_final.tsv
    wildcards: celltype=stalk
    resources: tmpdir=/tmp
[Wed Oct  8 18:38:07 2025]
Finished jobid: 7 (Rule: post_processing)
5 of 9 steps (56%) done
[Wed Oct  8 18:38:33 2025]
Finished jobid: 3 (Rule: run_pipeline)
6 of 9 steps (67%) done
[Wed Oct  8 18:38:33 2025]
Finished jobid: 6 (Rule: run_pipeline)
7 of 9 steps (78%) done
Select jobs to execute...
Execute 1 jobs...
[Wed Oct  8 18:38:33 2025]
localrule post_processing:
    input: results/placode/forward/network_final.tsv, results/placode/reverse/network_final.tsv, results/placode/forward/gene_expression.tsv, results/placode/reverse/gene_expression.tsv, results/placode/forward/TF_expression.tsv, results/placode/reverse/TF_expression.tsv
    output: results/placode/network_scored.txt, results/placode/filtered_network.txt
    jobid: 8
    reason: Missing output files: results/placode/filtered_network.txt, results/placode/network_scored.txt; Input files updated by another job: results/placode/forward/network_final.tsv, results/placode/reverse/network_final.tsv, results/placode/reverse/gene_expression.tsv, results/placode/reverse/TF_expression.tsv, results/placode/forward/TF_expression.tsv, results/placode/forward/gene_expression.tsv
    wildcards: celltype=placode
    resources: tmpdir=/tmp
[Wed Oct  8 18:38:33 2025]
Finished jobid: 8 (Rule: post_processing)
8 of 9 steps (89%) done
Select jobs to execute...
Execute 1 jobs...
[Wed Oct  8 18:38:33 2025]
localrule all:
    input: results/stalk/forward/network_final.tsv, results/placode/forward/network_final.tsv, results/stalk/reverse/network_final.tsv, results/placode/reverse/network_final.tsv, results/stalk/forward/TF_expression.tsv, results/placode/forward/TF_expression.tsv, results/stalk/reverse/TF_expression.tsv, results/placode/reverse/TF_expression.tsv, results/stalk/network_scored.txt, results/placode/network_scored.txt, results/stalk/filtered_network.txt, results/placode/filtered_network.txt
    jobid: 0
    reason: Input files updated by another job: results/stalk/network_scored.txt, results/stalk/reverse/network_final.tsv, results/placode/forward/TF_expression.tsv, results/stalk/forward/TF_expression.tsv, results/stalk/reverse/TF_expression.tsv, results/stalk/forward/network_final.tsv, results/placode/forward/network_final.tsv, results/placode/reverse/network_final.tsv, results/placode/filtered_network.txt, results/placode/network_scored.txt, results/placode/reverse/TF_expression.tsv, results/stalk/filtered_network.txt
    resources: tmpdir=/tmp
[Wed Oct  8 18:38:33 2025]
Finished jobid: 0 (Rule: all)
9 of 9 steps (100%) done
Complete log(s): /data/scMultiome/paper/GRNs_paper/multiome_no_doublets/github_code_zebra_8_10_2025/.snakemake/log/2025-10-08T183740.041543.snakemake.log
