Assuming unrestricted shared filesystem usage.
None
host: javi-MS-7C81
Building DAG of jobs...
Using shell: /usr/bin/bash
Provided cores: 4
Rules claiming more threads will be scaled down.
Job stats:
job                count
---------------  -------
all                    1
post_processing        1
prepare_data           1
run_pipeline           2
total                  5

Select jobs to execute...
Execute 1 jobs...
[Tue Jul  8 18:55:20 2025]
localrule prepare_data:
    input: data/degs/all_degs.tsv, data/docrs/all_docrs.tsv, reference/annotations/Homo_sapiens.gtf, reference/orthologs/human_human.tsv, reference/orthologs/human_mouse.tsv, reference/genomes/Homo_sapiens.fa
    output: results/Monocyte/peaks_within_degs.tsv, results/Monocyte/docr_sequences_forward_lin.tsv, results/Monocyte/docr_sequences_reverse_lin.tsv, results/Monocyte/positive_genes.tsv, results/Monocyte/negative_genes.tsv
    jobid: 2
    reason: Missing output files: results/Monocyte/docr_sequences_forward_lin.tsv, results/Monocyte/docr_sequences_reverse_lin.tsv, results/Monocyte/positive_genes.tsv, results/Monocyte/peaks_within_degs.tsv
    wildcards: celltype=Monocyte
    resources: tmpdir=/tmp
[Tue Jul  8 18:56:07 2025]
Finished jobid: 2 (Rule: prepare_data)
1 of 5 steps (20%) done
Select jobs to execute...
Execute 2 jobs...
[Tue Jul  8 18:56:07 2025]
localrule run_pipeline:
    input: results/Monocyte/peaks_within_degs.tsv, results/Monocyte/docr_sequences_forward_lin.tsv, results/Monocyte/positive_genes.tsv, reference/orthologs/human_mouse.tsv, reference/orthologs/human_human.tsv
    output: results/Monocyte/forward/network_final.tsv, results/Monocyte/forward/TF_expression.tsv, results/Monocyte/forward/gene_expression.tsv
    jobid: 1
    reason: Missing output files: results/Monocyte/forward/network_final.tsv, results/Monocyte/forward/gene_expression.tsv, results/Monocyte/forward/TF_expression.tsv; Input files updated by another job: results/Monocyte/docr_sequences_forward_lin.tsv, results/Monocyte/positive_genes.tsv, results/Monocyte/peaks_within_degs.tsv
    wildcards: celltype=Monocyte, strand=forward
    resources: tmpdir=/tmp
[Tue Jul  8 18:56:07 2025]
localrule run_pipeline:
    input: results/Monocyte/peaks_within_degs.tsv, results/Monocyte/docr_sequences_reverse_lin.tsv, results/Monocyte/positive_genes.tsv, reference/orthologs/human_mouse.tsv, reference/orthologs/human_human.tsv
    output: results/Monocyte/reverse/network_final.tsv, results/Monocyte/reverse/TF_expression.tsv, results/Monocyte/reverse/gene_expression.tsv
    jobid: 3
    reason: Missing output files: results/Monocyte/reverse/gene_expression.tsv, results/Monocyte/reverse/network_final.tsv, results/Monocyte/reverse/TF_expression.tsv; Input files updated by another job: results/Monocyte/docr_sequences_reverse_lin.tsv, results/Monocyte/positive_genes.tsv, results/Monocyte/peaks_within_degs.tsv
    wildcards: celltype=Monocyte, strand=reverse
    resources: tmpdir=/tmp
[Tue Jul  8 18:58:44 2025]
Finished jobid: 3 (Rule: run_pipeline)
2 of 5 steps (40%) done
[Tue Jul  8 18:58:48 2025]
Finished jobid: 1 (Rule: run_pipeline)
3 of 5 steps (60%) done
Select jobs to execute...
Execute 1 jobs...
[Tue Jul  8 18:58:48 2025]
localrule post_processing:
    input: results/Monocyte/forward/network_final.tsv, results/Monocyte/reverse/network_final.tsv, results/Monocyte/forward/gene_expression.tsv, results/Monocyte/reverse/gene_expression.tsv, results/Monocyte/forward/TF_expression.tsv, results/Monocyte/reverse/TF_expression.tsv
    output: results/Monocyte/network_scored.txt, results/Monocyte/filtered_network.txt
    jobid: 4
    reason: Missing output files: results/Monocyte/network_scored.txt, results/Monocyte/filtered_network.txt; Input files updated by another job: results/Monocyte/reverse/network_final.tsv, results/Monocyte/forward/gene_expression.tsv, results/Monocyte/reverse/TF_expression.tsv, results/Monocyte/reverse/gene_expression.tsv, results/Monocyte/forward/network_final.tsv, results/Monocyte/forward/TF_expression.tsv; Set of input files has changed since last execution; Code has changed since last execution
    wildcards: celltype=Monocyte
    resources: tmpdir=/tmp
RuleException:
CalledProcessError in file "/data/scMultiome/paper/GRNs_paper/multiome_no_doublets/github_code/Snakefile", line 67:
Command 'set -euo pipefail;  
        echo 'Ejecutando post-procesamiento para Monocyte'
        bash run_post_pipeline.sh Monocyte' returned non-zero exit status 1.
[Tue Jul  8 18:58:48 2025]
Error in rule post_processing:
    message: None
    jobid: 4
    input: results/Monocyte/forward/network_final.tsv, results/Monocyte/reverse/network_final.tsv, results/Monocyte/forward/gene_expression.tsv, results/Monocyte/reverse/gene_expression.tsv, results/Monocyte/forward/TF_expression.tsv, results/Monocyte/reverse/TF_expression.tsv
    output: results/Monocyte/network_scored.txt, results/Monocyte/filtered_network.txt
    shell:
        
        echo 'Ejecutando post-procesamiento para Monocyte'
        bash run_post_pipeline.sh Monocyte
        
        (command exited with non-zero exit code)
Shutting down, this might take some time.
Exiting because a job execution failed. Look below for error messages
[Tue Jul  8 18:58:48 2025]
Error in rule post_processing:
    message: None
    jobid: 4
    input: results/Monocyte/forward/network_final.tsv, results/Monocyte/reverse/network_final.tsv, results/Monocyte/forward/gene_expression.tsv, results/Monocyte/reverse/gene_expression.tsv, results/Monocyte/forward/TF_expression.tsv, results/Monocyte/reverse/TF_expression.tsv
    output: results/Monocyte/network_scored.txt, results/Monocyte/filtered_network.txt
    shell:
        
        echo 'Ejecutando post-procesamiento para Monocyte'
        bash run_post_pipeline.sh Monocyte
        
        (command exited with non-zero exit code)
Complete log(s): /data/scMultiome/paper/GRNs_paper/multiome_no_doublets/github_code/.snakemake/log/2025-07-08T185520.976383.snakemake.log
WorkflowError:
At least one job did not complete successfully.
