Assuming unrestricted shared filesystem usage.
None
host: javi-MS-7C81
Building DAG of jobs...
Using shell: /usr/bin/bash
Provided cores: 4
Rules claiming more threads will be scaled down.
Job stats:
job                count
---------------  -------
all                    1
post_processing        1
run_pipeline           2
total                  4

Select jobs to execute...
Execute 2 jobs...
[Wed Oct  8 12:55:53 2025]
localrule run_pipeline:
    input: results/retina/peaks_within_degs.tsv, results/retina/docr_sequences_forward_lin.tsv, results/retina/positive_genes.tsv, reference/orthologs/zebra_mouse.tsv, reference/orthologs/zebra_human.tsv
    output: results/retina/forward/network_final.tsv, results/retina/forward/TF_expression.tsv, results/retina/forward/gene_expression.tsv
    jobid: 1
    reason: Updated input files: results/retina/docr_sequences_forward_lin.tsv
    wildcards: celltype=retina, strand=forward
    resources: tmpdir=/tmp
[Wed Oct  8 12:55:53 2025]
localrule run_pipeline:
    input: results/retina/peaks_within_degs.tsv, results/retina/docr_sequences_reverse_lin.tsv, results/retina/positive_genes.tsv, reference/orthologs/zebra_mouse.tsv, reference/orthologs/zebra_human.tsv
    output: results/retina/reverse/network_final.tsv, results/retina/reverse/TF_expression.tsv, results/retina/reverse/gene_expression.tsv
    jobid: 3
    reason: Updated input files: results/retina/docr_sequences_reverse_lin.tsv
    wildcards: celltype=retina, strand=reverse
    resources: tmpdir=/tmp
[Wed Oct  8 12:58:18 2025]
Finished jobid: 1 (Rule: run_pipeline)
1 of 4 steps (25%) done
[Wed Oct  8 12:58:19 2025]
Finished jobid: 3 (Rule: run_pipeline)
2 of 4 steps (50%) done
Select jobs to execute...
Execute 1 jobs...
[Wed Oct  8 12:58:19 2025]
localrule post_processing:
    input: results/retina/forward/network_final.tsv, results/retina/reverse/network_final.tsv, results/retina/forward/gene_expression.tsv, results/retina/reverse/gene_expression.tsv, results/retina/forward/TF_expression.tsv, results/retina/reverse/TF_expression.tsv
    output: results/retina/network_scored.txt, results/retina/filtered_network.txt
    jobid: 4
    reason: Input files updated by another job: results/retina/reverse/TF_expression.tsv, results/retina/reverse/network_final.tsv, results/retina/forward/gene_expression.tsv, results/retina/forward/network_final.tsv, results/retina/forward/TF_expression.tsv, results/retina/reverse/gene_expression.tsv
    wildcards: celltype=retina
    resources: tmpdir=/tmp
[Wed Oct  8 12:58:19 2025]
Finished jobid: 4 (Rule: post_processing)
3 of 4 steps (75%) done
Select jobs to execute...
Execute 1 jobs...
[Wed Oct  8 12:58:19 2025]
localrule all:
    input: results/retina/forward/network_final.tsv, results/retina/reverse/network_final.tsv, results/retina/forward/TF_expression.tsv, results/retina/reverse/TF_expression.tsv, results/retina/network_scored.txt, results/retina/filtered_network.txt
    jobid: 0
    reason: Input files updated by another job: results/retina/reverse/TF_expression.tsv, results/retina/filtered_network.txt, results/retina/reverse/network_final.tsv, results/retina/forward/network_final.tsv, results/retina/forward/TF_expression.tsv, results/retina/network_scored.txt
    resources: tmpdir=/tmp
[Wed Oct  8 12:58:19 2025]
Finished jobid: 0 (Rule: all)
4 of 4 steps (100%) done
Complete log(s): /data/scMultiome/paper/GRNs_paper/multiome_no_doublets/github_code_zebra_8_10_2025/.snakemake/log/2025-10-08T125553.218021.snakemake.log
