Assuming unrestricted shared filesystem usage.
None
host: javi-MS-7C81
Building DAG of jobs...
Using shell: /usr/bin/bash
Provided cores: 4
Rules claiming more threads will be scaled down.
Job stats:
job                count
---------------  -------
all                    1
post_processing        1
prepare_data           1
run_pipeline           2
total                  5

Select jobs to execute...
Execute 1 jobs...
[Thu Jul 10 11:07:54 2025]
localrule prepare_data:
    input: data/degs/all_degs.tsv, data/docrs/all_docrs.tsv, reference/annotations/Homo_sapiens.gtf, reference/orthologs/human_human.tsv, reference/orthologs/human_mouse.tsv, reference/genomes/Homo_sapiens.fa
    output: results/Memory/peaks_within_degs.tsv, results/Memory/docr_sequences_forward_lin.tsv, results/Memory/docr_sequences_reverse_lin.tsv, results/Memory/positive_genes.tsv, results/Memory/negative_genes.tsv
    jobid: 2
    reason: Missing output files: results/Memory/docr_sequences_reverse_lin.tsv, results/Memory/docr_sequences_forward_lin.tsv, results/Memory/peaks_within_degs.tsv, results/Memory/positive_genes.tsv
    wildcards: celltype=Memory
    resources: tmpdir=/tmp
[Thu Jul 10 11:08:01 2025]
Finished jobid: 2 (Rule: prepare_data)
1 of 5 steps (20%) done
Select jobs to execute...
Execute 2 jobs...
[Thu Jul 10 11:08:01 2025]
localrule run_pipeline:
    input: results/Memory/peaks_within_degs.tsv, results/Memory/docr_sequences_forward_lin.tsv, results/Memory/positive_genes.tsv, reference/orthologs/human_mouse.tsv, reference/orthologs/human_human.tsv
    output: results/Memory/forward/network_final.tsv, results/Memory/forward/TF_expression.tsv, results/Memory/forward/gene_expression.tsv
    jobid: 1
    reason: Missing output files: results/Memory/forward/TF_expression.tsv, results/Memory/forward/gene_expression.tsv, results/Memory/forward/network_final.tsv; Input files updated by another job: results/Memory/docr_sequences_forward_lin.tsv, results/Memory/peaks_within_degs.tsv, results/Memory/positive_genes.tsv
    wildcards: celltype=Memory, strand=forward
    resources: tmpdir=/tmp
[Thu Jul 10 11:08:01 2025]
localrule run_pipeline:
    input: results/Memory/peaks_within_degs.tsv, results/Memory/docr_sequences_reverse_lin.tsv, results/Memory/positive_genes.tsv, reference/orthologs/human_mouse.tsv, reference/orthologs/human_human.tsv
    output: results/Memory/reverse/network_final.tsv, results/Memory/reverse/TF_expression.tsv, results/Memory/reverse/gene_expression.tsv
    jobid: 3
    reason: Missing output files: results/Memory/reverse/network_final.tsv, results/Memory/reverse/TF_expression.tsv, results/Memory/reverse/gene_expression.tsv; Input files updated by another job: results/Memory/peaks_within_degs.tsv, results/Memory/positive_genes.tsv, results/Memory/docr_sequences_reverse_lin.tsv
    wildcards: celltype=Memory, strand=reverse
    resources: tmpdir=/tmp
RuleException:
CalledProcessError in file "/data/scMultiome/paper/GRNs_paper/multiome_no_doublets/github_code/Snakefile", line 49:
Command 'set -euo pipefail;  
    echo 'Running run_pipeline for Memory strand forward'
    bash run_motif_pipeline.sh forward Memory reference/orthologs/human_mouse.tsv reference/orthologs/human_human.tsv' returned non-zero exit status 1.
[Thu Jul 10 11:08:03 2025]
Error in rule run_pipeline:
    message: None
    jobid: 1
    input: results/Memory/peaks_within_degs.tsv, results/Memory/docr_sequences_forward_lin.tsv, results/Memory/positive_genes.tsv, reference/orthologs/human_mouse.tsv, reference/orthologs/human_human.tsv
    output: results/Memory/forward/network_final.tsv, results/Memory/forward/TF_expression.tsv, results/Memory/forward/gene_expression.tsv
    shell:
        
    echo 'Running run_pipeline for Memory strand forward'
    bash run_motif_pipeline.sh forward Memory reference/orthologs/human_mouse.tsv reference/orthologs/human_human.tsv
    
        (command exited with non-zero exit code)
RuleException:
CalledProcessError in file "/data/scMultiome/paper/GRNs_paper/multiome_no_doublets/github_code/Snakefile", line 49:
Command 'set -euo pipefail;  
    echo 'Running run_pipeline for Memory strand reverse'
    bash run_motif_pipeline.sh reverse Memory reference/orthologs/human_mouse.tsv reference/orthologs/human_human.tsv' returned non-zero exit status 1.
[Thu Jul 10 11:08:03 2025]
Error in rule run_pipeline:
    message: None
    jobid: 3
    input: results/Memory/peaks_within_degs.tsv, results/Memory/docr_sequences_reverse_lin.tsv, results/Memory/positive_genes.tsv, reference/orthologs/human_mouse.tsv, reference/orthologs/human_human.tsv
    output: results/Memory/reverse/network_final.tsv, results/Memory/reverse/TF_expression.tsv, results/Memory/reverse/gene_expression.tsv
    shell:
        
    echo 'Running run_pipeline for Memory strand reverse'
    bash run_motif_pipeline.sh reverse Memory reference/orthologs/human_mouse.tsv reference/orthologs/human_human.tsv
    
        (command exited with non-zero exit code)
Shutting down, this might take some time.
Exiting because a job execution failed. Look below for error messages
[Thu Jul 10 11:08:03 2025]
Error in rule run_pipeline:
    message: None
    jobid: 1
    input: results/Memory/peaks_within_degs.tsv, results/Memory/docr_sequences_forward_lin.tsv, results/Memory/positive_genes.tsv, reference/orthologs/human_mouse.tsv, reference/orthologs/human_human.tsv
    output: results/Memory/forward/network_final.tsv, results/Memory/forward/TF_expression.tsv, results/Memory/forward/gene_expression.tsv
    shell:
        
    echo 'Running run_pipeline for Memory strand forward'
    bash run_motif_pipeline.sh forward Memory reference/orthologs/human_mouse.tsv reference/orthologs/human_human.tsv
    
        (command exited with non-zero exit code)
[Thu Jul 10 11:08:03 2025]
Error in rule run_pipeline:
    message: None
    jobid: 3
    input: results/Memory/peaks_within_degs.tsv, results/Memory/docr_sequences_reverse_lin.tsv, results/Memory/positive_genes.tsv, reference/orthologs/human_mouse.tsv, reference/orthologs/human_human.tsv
    output: results/Memory/reverse/network_final.tsv, results/Memory/reverse/TF_expression.tsv, results/Memory/reverse/gene_expression.tsv
    shell:
        
    echo 'Running run_pipeline for Memory strand reverse'
    bash run_motif_pipeline.sh reverse Memory reference/orthologs/human_mouse.tsv reference/orthologs/human_human.tsv
    
        (command exited with non-zero exit code)
Complete log(s): /data/scMultiome/paper/GRNs_paper/multiome_no_doublets/github_code/.snakemake/log/2025-07-10T110754.548373.snakemake.log
WorkflowError:
At least one job did not complete successfully.
