Assuming unrestricted shared filesystem usage.
None
host: javi-MS-7C81
Building DAG of jobs...
Using shell: /usr/bin/bash
Provided cores: 1 (use --cores to define parallelism)
Rules claiming more threads will be scaled down.
Job stats:
job                count
---------------  -------
all                    1
post_processing        1
prepare_data           1
run_pipeline           2
total                  5

Select jobs to execute...
Execute 1 jobs...
[Fri Nov 21 11:27:13 2025]
localrule prepare_data:
    input: data/degs/all_degs.tsv, data/docrs/all_docrs.tsv, reference/annotations/Danio_rerio.gtf, reference/orthologs/zebra_human.tsv, reference/orthologs/zebra_mouse.tsv, reference/genomes/Danio_rerio.fa
    output: results/RPE/peaks_within_degs.tsv, results/RPE/docr_sequences_forward_lin.tsv, results/RPE/docr_sequences_reverse_lin.tsv, results/RPE/positive_genes.tsv, results/RPE/negative_genes.tsv
    jobid: 2
    reason: Missing output files: results/RPE/positive_genes.tsv, results/RPE/docr_sequences_forward_lin.tsv, results/RPE/peaks_within_degs.tsv, results/RPE/docr_sequences_reverse_lin.tsv
    wildcards: celltype=RPE
    resources: tmpdir=/tmp
[Fri Nov 21 11:27:19 2025]
Finished jobid: 2 (Rule: prepare_data)
1 of 5 steps (20%) done
Select jobs to execute...
Execute 1 jobs...
[Fri Nov 21 11:27:19 2025]
localrule run_pipeline:
    input: results/RPE/peaks_within_degs.tsv, results/RPE/docr_sequences_forward_lin.tsv, results/RPE/positive_genes.tsv, reference/orthologs/zebra_mouse.tsv, reference/orthologs/zebra_human.tsv
    output: results/RPE/forward/network_final.tsv, results/RPE/forward/TF_expression.tsv, results/RPE/forward/gene_expression.tsv
    jobid: 1
    reason: Missing output files: results/RPE/forward/network_final.tsv, results/RPE/forward/TF_expression.tsv, results/RPE/forward/gene_expression.tsv; Input files updated by another job: results/RPE/positive_genes.tsv, results/RPE/docr_sequences_forward_lin.tsv, results/RPE/peaks_within_degs.tsv
    wildcards: celltype=RPE, strand=forward
    resources: tmpdir=/tmp
Select jobs to execute...
Terminating processes on user request, this might take some time.
RuleException:
CalledProcessError in file "/data/scMultiome/paper/GRNs_paper/multiome_no_doublets/github_code_zebra_8_10_2025_copy_21_11/Snakefile", line 49:
Command 'set -euo pipefail;  
    echo 'Running run_pipeline for RPE strand forward'
    bash run_motif_pipeline.sh forward RPE reference/orthologs/zebra_mouse.tsv reference/orthologs/zebra_human.tsv' died with <Signals.SIGINT: 2>.
[Fri Nov 21 11:27:31 2025]
Error in rule run_pipeline:
    message: None
    jobid: 1
    input: results/RPE/peaks_within_degs.tsv, results/RPE/docr_sequences_forward_lin.tsv, results/RPE/positive_genes.tsv, reference/orthologs/zebra_mouse.tsv, reference/orthologs/zebra_human.tsv
    output: results/RPE/forward/network_final.tsv, results/RPE/forward/TF_expression.tsv, results/RPE/forward/gene_expression.tsv
    shell:
        
    echo 'Running run_pipeline for RPE strand forward'
    bash run_motif_pipeline.sh forward RPE reference/orthologs/zebra_mouse.tsv reference/orthologs/zebra_human.tsv
    
        (command exited with non-zero exit code)
Complete log(s): /data/scMultiome/paper/GRNs_paper/multiome_no_doublets/github_code_zebra_8_10_2025_copy_21_11/.snakemake/log/2025-11-21T112713.920778.snakemake.log
WorkflowError:
At least one job did not complete successfully.
