Assuming unrestricted shared filesystem usage.
None
host: javi-MS-7C81
Building DAG of jobs...
Using shell: /usr/bin/bash
Provided cores: 4
Rules claiming more threads will be scaled down.
Job stats:
job             count
------------  -------
all                 1
prepare_data        1
run_pipeline        2
total               4

Select jobs to execute...
Execute 1 jobs...
[Mon Jul  7 18:35:45 2025]
localrule prepare_data:
    input: data/degs/all_degs.tsv, data/docrs/all_docrs.tsv, reference/annotations/Homo_sapiens.gtf, reference/orthologs/human_human.tsv, reference/orthologs/human_mouse.tsv, reference/genomes/Homo_sapiens.fa
    output: results/Monocyte/peaks_within_degs.tsv, results/Monocyte/docr_sequences_forward_lin.tsv, results/Monocyte/docr_sequences_reverse_lin.tsv, results/Monocyte/positive_genes.tsv, results/Monocyte/negative_genes.tsv
    jobid: 2
    reason: Missing output files: results/Monocyte/positive_genes.tsv, results/Monocyte/docr_sequences_forward_lin.tsv, results/Monocyte/peaks_within_degs.tsv, results/Monocyte/docr_sequences_reverse_lin.tsv
    wildcards: celltype=Monocyte
    resources: tmpdir=/tmp
[Mon Jul  7 18:36:30 2025]
Finished jobid: 2 (Rule: prepare_data)
1 of 4 steps (25%) done
Select jobs to execute...
Execute 2 jobs...
[Mon Jul  7 18:36:30 2025]
localrule run_pipeline:
    input: results/Monocyte/peaks_within_degs.tsv, results/Monocyte/docr_sequences_forward_lin.tsv, results/Monocyte/positive_genes.tsv, reference/orthologs/human_mouse.tsv, reference/orthologs/human_human.tsv
    output: results/Monocyte/forward/network_final.tsv, results/Monocyte/forward/TF_expression.tsv
    jobid: 1
    reason: Missing output files: results/Monocyte/forward/TF_expression.tsv, results/Monocyte/forward/network_final.tsv; Input files updated by another job: results/Monocyte/positive_genes.tsv, results/Monocyte/docr_sequences_forward_lin.tsv, results/Monocyte/peaks_within_degs.tsv
    wildcards: celltype=Monocyte, strand=forward
    resources: tmpdir=/tmp
[Mon Jul  7 18:36:30 2025]
localrule run_pipeline:
    input: results/Monocyte/peaks_within_degs.tsv, results/Monocyte/docr_sequences_reverse_lin.tsv, results/Monocyte/positive_genes.tsv, reference/orthologs/human_mouse.tsv, reference/orthologs/human_human.tsv
    output: results/Monocyte/reverse/network_final.tsv, results/Monocyte/reverse/TF_expression.tsv
    jobid: 3
    reason: Missing output files: results/Monocyte/reverse/TF_expression.tsv, results/Monocyte/reverse/network_final.tsv; Input files updated by another job: results/Monocyte/positive_genes.tsv, results/Monocyte/peaks_within_degs.tsv, results/Monocyte/docr_sequences_reverse_lin.tsv
    wildcards: celltype=Monocyte, strand=reverse
    resources: tmpdir=/tmp
[Mon Jul  7 18:39:11 2025]
Finished jobid: 3 (Rule: run_pipeline)
2 of 4 steps (50%) done
[Mon Jul  7 18:39:11 2025]
Finished jobid: 1 (Rule: run_pipeline)
3 of 4 steps (75%) done
Select jobs to execute...
Execute 1 jobs...
[Mon Jul  7 18:39:11 2025]
localrule all:
    input: results/Monocyte/forward/network_final.tsv, results/Monocyte/reverse/network_final.tsv, results/Monocyte/forward/TF_expression.tsv, results/Monocyte/reverse/TF_expression.tsv
    jobid: 0
    reason: Input files updated by another job: results/Monocyte/forward/TF_expression.tsv, results/Monocyte/forward/network_final.tsv, results/Monocyte/reverse/network_final.tsv, results/Monocyte/reverse/TF_expression.tsv
    resources: tmpdir=/tmp
[Mon Jul  7 18:39:11 2025]
Finished jobid: 0 (Rule: all)
4 of 4 steps (100%) done
Complete log(s): /data/scMultiome/paper/GRNs_paper/multiome_no_doublets/github_code/.snakemake/log/2025-07-07T183545.339573.snakemake.log
