Assuming unrestricted shared filesystem usage.
None
host: javi-MS-7C81
Building DAG of jobs...
Using shell: /usr/bin/bash
Provided cores: 4
Rules claiming more threads will be scaled down.
Job stats:
job                count
---------------  -------
all                    1
post_processing        1
prepare_data           1
run_pipeline           2
total                  5

Select jobs to execute...
Execute 1 jobs...
[Thu Mar  5 23:42:43 2026]
localrule prepare_data:
    input: data/degs/all_degs.tsv, data/docrs/all_docrs.tsv, reference/annotations/annotation.gtf.gz, reference/orthologs/zebra_human.tsv, reference/orthologs/zebra_mouse.tsv, reference/genomes/genome.fa
    output: results/forebrain/peaks_within_degs.tsv, results/forebrain/docr_sequences_forward_lin.tsv, results/forebrain/docr_sequences_reverse_lin.tsv, results/forebrain/positive_genes.tsv, results/forebrain/negative_genes.tsv
    jobid: 2
    reason: Missing output files: results/forebrain/docr_sequences_reverse_lin.tsv, results/forebrain/docr_sequences_forward_lin.tsv, results/forebrain/positive_genes.tsv, results/forebrain/peaks_within_degs.tsv
    wildcards: celltype=forebrain
    resources: tmpdir=/tmp
[Thu Mar  5 23:42:43 2026]
Finished jobid: 2 (Rule: prepare_data)
1 of 5 steps (20%) done
Select jobs to execute...
Execute 2 jobs...
[Thu Mar  5 23:42:43 2026]
localrule run_pipeline:
    input: results/forebrain/peaks_within_degs.tsv, results/forebrain/docr_sequences_forward_lin.tsv, results/forebrain/positive_genes.tsv, reference/orthologs/zebra_mouse.tsv, reference/orthologs/zebra_human.tsv
    output: results/forebrain/forward/network_final.tsv, results/forebrain/forward/TF_expression.tsv, results/forebrain/forward/gene_expression.tsv
    jobid: 1
    reason: Missing output files: results/forebrain/forward/gene_expression.tsv, results/forebrain/forward/network_final.tsv, results/forebrain/forward/TF_expression.tsv; Input files updated by another job: results/forebrain/docr_sequences_forward_lin.tsv, results/forebrain/positive_genes.tsv, results/forebrain/peaks_within_degs.tsv
    wildcards: celltype=forebrain, strand=forward
    resources: tmpdir=/tmp
[Thu Mar  5 23:42:43 2026]
localrule run_pipeline:
    input: results/forebrain/peaks_within_degs.tsv, results/forebrain/docr_sequences_reverse_lin.tsv, results/forebrain/positive_genes.tsv, reference/orthologs/zebra_mouse.tsv, reference/orthologs/zebra_human.tsv
    output: results/forebrain/reverse/network_final.tsv, results/forebrain/reverse/TF_expression.tsv, results/forebrain/reverse/gene_expression.tsv
    jobid: 3
    reason: Missing output files: results/forebrain/reverse/TF_expression.tsv, results/forebrain/reverse/gene_expression.tsv, results/forebrain/reverse/network_final.tsv; Input files updated by another job: results/forebrain/docr_sequences_reverse_lin.tsv, results/forebrain/positive_genes.tsv, results/forebrain/peaks_within_degs.tsv
    wildcards: celltype=forebrain, strand=reverse
    resources: tmpdir=/tmp
RuleException:
CalledProcessError in file "/data/scMultiome/paper/files/github_code_paper_10_12_2025/matchairen_test_set/Snakefile", line 48:
Command 'set -euo pipefail;  
    echo 'Running run_pipeline for forebrain strand forward'
    bash run_motif_pipeline.sh forward forebrain reference/orthologs/zebra_mouse.tsv reference/orthologs/zebra_human.tsv' returned non-zero exit status 1.
[Thu Mar  5 23:42:43 2026]
Error in rule run_pipeline:
    message: None
    jobid: 1
    input: results/forebrain/peaks_within_degs.tsv, results/forebrain/docr_sequences_forward_lin.tsv, results/forebrain/positive_genes.tsv, reference/orthologs/zebra_mouse.tsv, reference/orthologs/zebra_human.tsv
    output: results/forebrain/forward/network_final.tsv, results/forebrain/forward/TF_expression.tsv, results/forebrain/forward/gene_expression.tsv
    shell:
        
    echo 'Running run_pipeline for forebrain strand forward'
    bash run_motif_pipeline.sh forward forebrain reference/orthologs/zebra_mouse.tsv reference/orthologs/zebra_human.tsv
   
        (command exited with non-zero exit code)
RuleException:
CalledProcessError in file "/data/scMultiome/paper/files/github_code_paper_10_12_2025/matchairen_test_set/Snakefile", line 48:
Command 'set -euo pipefail;  
    echo 'Running run_pipeline for forebrain strand reverse'
    bash run_motif_pipeline.sh reverse forebrain reference/orthologs/zebra_mouse.tsv reference/orthologs/zebra_human.tsv' returned non-zero exit status 1.
[Thu Mar  5 23:42:43 2026]
Error in rule run_pipeline:
    message: None
    jobid: 3
    input: results/forebrain/peaks_within_degs.tsv, results/forebrain/docr_sequences_reverse_lin.tsv, results/forebrain/positive_genes.tsv, reference/orthologs/zebra_mouse.tsv, reference/orthologs/zebra_human.tsv
    output: results/forebrain/reverse/network_final.tsv, results/forebrain/reverse/TF_expression.tsv, results/forebrain/reverse/gene_expression.tsv
    shell:
        
    echo 'Running run_pipeline for forebrain strand reverse'
    bash run_motif_pipeline.sh reverse forebrain reference/orthologs/zebra_mouse.tsv reference/orthologs/zebra_human.tsv
   
        (command exited with non-zero exit code)
Shutting down, this might take some time.
Exiting because a job execution failed. Look below for error messages
[Thu Mar  5 23:42:43 2026]
Error in rule run_pipeline:
    message: None
    jobid: 1
    input: results/forebrain/peaks_within_degs.tsv, results/forebrain/docr_sequences_forward_lin.tsv, results/forebrain/positive_genes.tsv, reference/orthologs/zebra_mouse.tsv, reference/orthologs/zebra_human.tsv
    output: results/forebrain/forward/network_final.tsv, results/forebrain/forward/TF_expression.tsv, results/forebrain/forward/gene_expression.tsv
    shell:
        
    echo 'Running run_pipeline for forebrain strand forward'
    bash run_motif_pipeline.sh forward forebrain reference/orthologs/zebra_mouse.tsv reference/orthologs/zebra_human.tsv
   
        (command exited with non-zero exit code)
[Thu Mar  5 23:42:43 2026]
Error in rule run_pipeline:
    message: None
    jobid: 3
    input: results/forebrain/peaks_within_degs.tsv, results/forebrain/docr_sequences_reverse_lin.tsv, results/forebrain/positive_genes.tsv, reference/orthologs/zebra_mouse.tsv, reference/orthologs/zebra_human.tsv
    output: results/forebrain/reverse/network_final.tsv, results/forebrain/reverse/TF_expression.tsv, results/forebrain/reverse/gene_expression.tsv
    shell:
        
    echo 'Running run_pipeline for forebrain strand reverse'
    bash run_motif_pipeline.sh reverse forebrain reference/orthologs/zebra_mouse.tsv reference/orthologs/zebra_human.tsv
   
        (command exited with non-zero exit code)
Complete log(s): /data/scMultiome/paper/files/github_code_paper_10_12_2025/matchairen_test_set/.snakemake/log/2026-03-05T234243.142566.snakemake.log
WorkflowError:
At least one job did not complete successfully.
